{"meta": {"format": 3, "version": "7.15.2", "timestamp": "2026-07-17T23:46:26.977061", "branch_coverage": false, "show_contexts": false}, "files": {"src/openalpha_sentinel/__init__.py": {"executed_lines": [3], "summary": {"covered_lines": 1, "num_statements": 1, "percent_covered": 100.0, "percent_covered_display": "100", "missing_lines": 0, "excluded_lines": 0, "percent_statements_covered": 100.0, "percent_statements_covered_display": "100"}, "missing_lines": [], "excluded_lines": [], "functions": {"": {"executed_lines": [3], "summary": {"covered_lines": 1, "num_statements": 1, "percent_covered": 100.0, "percent_covered_display": "100", "missing_lines": 0, "excluded_lines": 0, "percent_statements_covered": 100.0, "percent_statements_covered_display": "100"}, "missing_lines": [], "excluded_lines": [], "start_line": 1}}, "classes": {"": {"executed_lines": [3], "summary": {"covered_lines": 1, "num_statements": 1, "percent_covered": 100.0, "percent_covered_display": "100", "missing_lines": 0, "excluded_lines": 0, "percent_statements_covered": 100.0, "percent_statements_covered_display": "100"}, "missing_lines": [], "excluded_lines": [], "start_line": 1}}}, "src/openalpha_sentinel/__main__.py": {"executed_lines": [], "summary": {"covered_lines": 0, "num_statements": 3, "percent_covered": 0.0, "percent_covered_display": "0", "missing_lines": 3, "excluded_lines": 0, "percent_statements_covered": 0.0, "percent_statements_covered_display": "0"}, "missing_lines": [1, 4, 5], "excluded_lines": [], "functions": {"": {"executed_lines": [], "summary": {"covered_lines": 0, "num_statements": 3, "percent_covered": 0.0, "percent_covered_display": "0", "missing_lines": 3, "excluded_lines": 0, "percent_statements_covered": 0.0, "percent_statements_covered_display": "0"}, "missing_lines": [1, 4, 5], "excluded_lines": [], "start_line": 1}}, "classes": {"": {"executed_lines": [], "summary": {"covered_lines": 0, "num_statements": 3, "percent_covered": 0.0, "percent_covered_display": "0", "missing_lines": 3, "excluded_lines": 0, "percent_statements_covered": 0.0, "percent_statements_covered_display": "0"}, "missing_lines": [1, 4, 5], "excluded_lines": [], "start_line": 1}}}, "src/openalpha_sentinel/agent.py": {"executed_lines": [1, 3, 5, 6, 7, 8, 9, 10, 13, 14, 15, 16, 17, 18, 20, 21, 22, 24, 25, 26, 28, 29, 36, 37, 38, 40, 41, 43, 44, 45, 46, 47, 48, 52, 58, 59, 60, 61, 67, 75, 76, 77, 78, 79, 80, 83, 84, 86, 90, 93, 94, 98, 99, 100, 102, 103, 104, 106, 107, 108, 119, 120, 121, 122, 125, 126, 127, 128, 130, 176, 177, 178, 179, 183, 184, 185, 186, 187, 189, 192, 193, 194, 196, 204, 205, 206, 207, 208, 212, 220, 225, 227, 228, 229, 230, 231, 232, 234, 235, 236, 237, 251], "summary": {"covered_lines": 102, "num_statements": 150, "percent_covered": 68.0, "percent_covered_display": "68", "missing_lines": 48, "excluded_lines": 0, "percent_statements_covered": 68.0, "percent_statements_covered_display": "68"}, "missing_lines": [23, 39, 49, 50, 51, 85, 89, 97, 101, 123, 124, 131, 132, 133, 134, 135, 136, 137, 138, 139, 140, 141, 143, 144, 145, 148, 150, 151, 152, 153, 154, 155, 160, 164, 165, 173, 174, 180, 181, 182, 188, 190, 195, 197, 238, 239, 240, 241], "excluded_lines": [], "functions": {"StrategyAgent.__init__": {"executed_lines": [15, 16, 17, 18], "summary": {"covered_lines": 4, "num_statements": 4, "percent_covered": 100.0, "percent_covered_display": "100", "missing_lines": 0, "excluded_lines": 0, "percent_statements_covered": 100.0, "percent_statements_covered_display": "100"}, "missing_lines": [], "excluded_lines": [], "start_line": 14}, "StrategyAgent.ask": {"executed_lines": [21, 22, 24, 25, 26, 28, 29, 36, 37, 38, 40, 41, 43, 44, 45, 46, 47, 48, 52, 58, 59, 60, 61, 67], "summary": {"covered_lines": 24, "num_statements": 29, "percent_covered": 82.75862068965517, "percent_covered_display": "83", "missing_lines": 5, "excluded_lines": 0, "percent_statements_covered": 82.75862068965517, "percent_statements_covered_display": "83"}, "missing_lines": [23, 39, 49, 50, 51], "excluded_lines": [], "start_line": 20}, "StrategyAgent._intent": {"executed_lines": [77, 78, 79, 80, 83, 84, 86, 90, 93, 94, 98, 99, 100, 102, 103, 104], "summary": {"covered_lines": 16, "num_statements": 20, "percent_covered": 80.0, "percent_covered_display": "80", "missing_lines": 4, "excluded_lines": 0, "percent_statements_covered": 80.0, "percent_statements_covered_display": "80"}, "missing_lines": [85, 89, 97, 101], "excluded_lines": [], "start_line": 76}, "StrategyAgent._tool_for_intent": {"executed_lines": [108], "summary": {"covered_lines": 1, "num_statements": 1, "percent_covered": 100.0, "percent_covered_display": "100", "missing_lines": 0, "excluded_lines": 0, "percent_statements_covered": 100.0, "percent_statements_covered_display": "100"}, "missing_lines": [], "excluded_lines": [], "start_line": 107}, "StrategyAgent._remember": {"executed_lines": [120, 121, 122, 125, 126, 127, 128], "summary": {"covered_lines": 7, "num_statements": 9, "percent_covered": 77.77777777777777, "percent_covered_display": "78", "missing_lines": 2, "excluded_lines": 0, "percent_statements_covered": 77.77777777777777, "percent_statements_covered_display": "78"}, "missing_lines": [123, 124], "excluded_lines": [], "start_line": 119}, "StrategyAgent._compare_costs": {"executed_lines": [], "summary": {"covered_lines": 0, "num_statements": 26, "percent_covered": 0.0, "percent_covered_display": "0", "missing_lines": 26, "excluded_lines": 0, "percent_statements_covered": 0.0, "percent_statements_covered_display": "0"}, "missing_lines": [131, 132, 133, 134, 135, 136, 137, 138, 139, 140, 141, 143, 144, 145, 148, 150, 151, 152, 153, 154, 155, 160, 164, 165, 173, 174], "excluded_lines": [], "start_line": 130}, "StrategyAgent._list": {"executed_lines": [177, 178, 179, 183, 184, 185, 186, 187, 189, 192, 193, 194, 196, 204, 205, 206, 207, 208, 212, 220, 225], "summary": {"covered_lines": 21, "num_statements": 28, "percent_covered": 75.0, "percent_covered_display": "75", "missing_lines": 7, "excluded_lines": 0, "percent_statements_covered": 75.0, "percent_statements_covered_display": "75"}, "missing_lines": [180, 181, 182, 188, 190, 195, 197], "excluded_lines": [], "start_line": 176}, "StrategyAgent._with_followup_context": {"executed_lines": [229, 230, 231, 232], "summary": {"covered_lines": 4, "num_statements": 4, "percent_covered": 100.0, "percent_covered_display": "100", "missing_lines": 0, "excluded_lines": 0, "percent_statements_covered": 100.0, "percent_statements_covered_display": "100"}, "missing_lines": [], "excluded_lines": [], "start_line": 228}, "StrategyAgent._citations": {"executed_lines": [236, 237, 251], "summary": {"covered_lines": 3, "num_statements": 7, "percent_covered": 42.857142857142854, "percent_covered_display": "43", "missing_lines": 4, "excluded_lines": 0, "percent_statements_covered": 42.857142857142854, "percent_statements_covered_display": "43"}, "missing_lines": [238, 239, 240, 241], "excluded_lines": [], "start_line": 235}, "": {"executed_lines": [1, 3, 5, 6, 7, 8, 9, 10, 13, 14, 20, 75, 76, 106, 107, 119, 130, 176, 227, 228, 234, 235], "summary": {"covered_lines": 22, "num_statements": 22, "percent_covered": 100.0, "percent_covered_display": "100", "missing_lines": 0, "excluded_lines": 0, "percent_statements_covered": 100.0, "percent_statements_covered_display": "100"}, "missing_lines": [], "excluded_lines": [], "start_line": 1}}, "classes": {"StrategyAgent": {"executed_lines": [15, 16, 17, 18, 21, 22, 24, 25, 26, 28, 29, 36, 37, 38, 40, 41, 43, 44, 45, 46, 47, 48, 52, 58, 59, 60, 61, 67, 77, 78, 79, 80, 83, 84, 86, 90, 93, 94, 98, 99, 100, 102, 103, 104, 108, 120, 121, 122, 125, 126, 127, 128, 177, 178, 179, 183, 184, 185, 186, 187, 189, 192, 193, 194, 196, 204, 205, 206, 207, 208, 212, 220, 225, 229, 230, 231, 232, 236, 237, 251], "summary": {"covered_lines": 80, "num_statements": 128, "percent_covered": 62.5, "percent_covered_display": "62", "missing_lines": 48, "excluded_lines": 0, "percent_statements_covered": 62.5, "percent_statements_covered_display": "62"}, "missing_lines": [23, 39, 49, 50, 51, 85, 89, 97, 101, 123, 124, 131, 132, 133, 134, 135, 136, 137, 138, 139, 140, 141, 143, 144, 145, 148, 150, 151, 152, 153, 154, 155, 160, 164, 165, 173, 174, 180, 181, 182, 188, 190, 195, 197, 238, 239, 240, 241], "excluded_lines": [], "start_line": 13}, "": {"executed_lines": [1, 3, 5, 6, 7, 8, 9, 10, 13, 14, 20, 75, 76, 106, 107, 119, 130, 176, 227, 228, 234, 235], "summary": {"covered_lines": 22, "num_statements": 22, "percent_covered": 100.0, "percent_covered_display": "100", "missing_lines": 0, "excluded_lines": 0, "percent_statements_covered": 100.0, "percent_statements_covered_display": "100"}, "missing_lines": [], "excluded_lines": [], "start_line": 1}}}, "src/openalpha_sentinel/api.py": {"executed_lines": [1, 3, 4, 6, 7, 8, 9, 11, 12, 13, 16, 17, 18, 21, 22, 25, 26, 27, 30, 31, 32, 33, 34, 37, 38, 41, 42, 45, 46, 47, 48, 49, 53, 54, 55, 60, 61, 62, 64, 65, 68, 69, 70, 72, 73, 76, 77, 78, 85, 86, 87, 89, 90, 91, 93, 94, 95, 96, 97, 98, 100, 101, 102, 104, 105, 106, 108, 109, 110, 112, 113, 114, 116, 117, 120, 121, 122, 123, 127, 128, 129, 130, 131, 132, 134, 135, 141, 142, 143, 144, 148, 149, 150, 152, 153, 154, 155, 158, 159, 161, 162, 163, 164, 165, 166, 167, 171, 172, 173, 178, 179, 180, 181, 183, 184, 185, 186, 188, 189, 190, 195, 196, 197, 198, 199, 201, 202, 203, 204, 205, 207, 210], "summary": {"covered_lines": 132, "num_statements": 146, "percent_covered": 90.41095890410959, "percent_covered_display": "90", "missing_lines": 14, "excluded_lines": 0, "percent_statements_covered": 90.41095890410959, "percent_statements_covered_display": "90"}, "missing_lines": [50, 66, 74, 118, 124, 125, 136, 137, 138, 139, 145, 146, 168, 169], "excluded_lines": [], "functions": {"_raise_api_error": {"executed_lines": [46, 47, 48, 49], "summary": {"covered_lines": 4, "num_statements": 5, "percent_covered": 80.0, "percent_covered_display": "80", "missing_lines": 1, "excluded_lines": 0, "percent_statements_covered": 80.0, "percent_statements_covered_display": "80"}, "missing_lines": [50], "excluded_lines": [], "start_line": 45}, "create_app": {"executed_lines": [54, 55, 60, 61, 62, 64, 65, 68, 69, 72, 73, 76, 77, 85, 86, 89, 90, 93, 94, 100, 101, 104, 105, 108, 109, 112, 113, 116, 117, 120, 121, 127, 128, 134, 135, 141, 142, 148, 149, 152, 153, 161, 162, 171, 172, 178, 179, 183, 184, 188, 189, 195, 196, 201, 202, 207], "summary": {"covered_lines": 56, "num_statements": 56, "percent_covered": 100.0, "percent_covered_display": "100", "missing_lines": 0, "excluded_lines": 0, "percent_statements_covered": 100.0, "percent_statements_covered_display": "100"}, "missing_lines": [], "excluded_lines": [], "start_line": 53}, "create_app.index": {"executed_lines": [], "summary": {"covered_lines": 0, "num_statements": 1, "percent_covered": 0.0, "percent_covered_display": "0", "missing_lines": 1, "excluded_lines": 0, "percent_statements_covered": 0.0, "percent_statements_covered_display": "0"}, "missing_lines": [66], "excluded_lines": [], "start_line": 65}, "create_app.app_javascript": {"executed_lines": [70], "summary": {"covered_lines": 1, "num_statements": 1, "percent_covered": 100.0, "percent_covered_display": "100", "missing_lines": 0, "excluded_lines": 0, "percent_statements_covered": 100.0, "percent_statements_covered_display": "100"}, "missing_lines": [], "excluded_lines": [], "start_line": 69}, "create_app.app_styles": {"executed_lines": [], "summary": {"covered_lines": 0, "num_statements": 1, "percent_covered": 0.0, "percent_covered_display": "0", "missing_lines": 1, "excluded_lines": 0, "percent_statements_covered": 0.0, "percent_statements_covered_display": "0"}, "missing_lines": [74], "excluded_lines": [], "start_line": 73}, "create_app.health": {"executed_lines": [78], "summary": {"covered_lines": 1, "num_statements": 1, "percent_covered": 100.0, "percent_covered_display": "100", "missing_lines": 0, "excluded_lines": 0, "percent_statements_covered": 100.0, "percent_statements_covered_display": "100"}, "missing_lines": [], "excluded_lines": [], "start_line": 77}, "create_app.dashboard": {"executed_lines": [87], "summary": {"covered_lines": 1, "num_statements": 1, "percent_covered": 100.0, "percent_covered_display": "100", "missing_lines": 0, "excluded_lines": 0, "percent_statements_covered": 100.0, "percent_statements_covered_display": "100"}, "missing_lines": [], "excluded_lines": [], "start_line": 86}, "create_app.cards": {"executed_lines": [91], "summary": {"covered_lines": 1, "num_statements": 1, "percent_covered": 100.0, "percent_covered_display": "100", "missing_lines": 0, "excluded_lines": 0, "percent_statements_covered": 100.0, "percent_statements_covered_display": "100"}, "missing_lines": [], "excluded_lines": [], "start_line": 90}, "create_app.card": {"executed_lines": [95, 96, 97, 98], "summary": {"covered_lines": 4, "num_statements": 4, "percent_covered": 100.0, "percent_covered_display": "100", "missing_lines": 0, "excluded_lines": 0, "percent_statements_covered": 100.0, "percent_statements_covered_display": "100"}, "missing_lines": [], "excluded_lines": [], "start_line": 94}, "create_app.sources": {"executed_lines": [102], "summary": {"covered_lines": 1, "num_statements": 1, "percent_covered": 100.0, "percent_covered_display": "100", "missing_lines": 0, "excluded_lines": 0, "percent_statements_covered": 100.0, "percent_statements_covered_display": "100"}, "missing_lines": [], "excluded_lines": [], "start_line": 101}, "create_app.jobs": {"executed_lines": [106], "summary": {"covered_lines": 1, "num_statements": 1, "percent_covered": 100.0, "percent_covered_display": "100", "missing_lines": 0, "excluded_lines": 0, "percent_statements_covered": 100.0, "percent_statements_covered_display": "100"}, "missing_lines": [], "excluded_lines": [], "start_line": 105}, "create_app.notifications": {"executed_lines": [110], "summary": {"covered_lines": 1, "num_statements": 1, "percent_covered": 100.0, "percent_covered_display": "100", "missing_lines": 0, "excluded_lines": 0, "percent_statements_covered": 100.0, "percent_statements_covered_display": "100"}, "missing_lines": [], "excluded_lines": [], "start_line": 109}, "create_app.audit": {"executed_lines": [114], "summary": {"covered_lines": 1, "num_statements": 1, "percent_covered": 100.0, "percent_covered_display": "100", "missing_lines": 0, "excluded_lines": 0, "percent_statements_covered": 100.0, "percent_statements_covered_display": "100"}, "missing_lines": [], "excluded_lines": [], "start_line": 113}, "create_app.tools": {"executed_lines": [], "summary": {"covered_lines": 0, "num_statements": 1, "percent_covered": 0.0, "percent_covered_display": "0", "missing_lines": 1, "excluded_lines": 0, "percent_statements_covered": 0.0, "percent_statements_covered_display": "0"}, "missing_lines": [118], "excluded_lines": [], "start_line": 117}, "create_app.seed_demo": {"executed_lines": [122, 123], "summary": {"covered_lines": 2, "num_statements": 4, "percent_covered": 50.0, "percent_covered_display": "50", "missing_lines": 2, "excluded_lines": 0, "percent_statements_covered": 50.0, "percent_statements_covered_display": "50"}, "missing_lines": [124, 125], "excluded_lines": [], "start_line": 121}, "create_app.discover_github": {"executed_lines": [129, 130, 131, 132], "summary": {"covered_lines": 4, "num_statements": 4, "percent_covered": 100.0, "percent_covered_display": "100", "missing_lines": 0, "excluded_lines": 0, "percent_statements_covered": 100.0, "percent_statements_covered_display": "100"}, "missing_lines": [], "excluded_lines": [], "start_line": 128}, "create_app.ingest_rss": {"executed_lines": [], "summary": {"covered_lines": 0, "num_statements": 4, "percent_covered": 0.0, "percent_covered_display": "0", "missing_lines": 4, "excluded_lines": 0, "percent_statements_covered": 0.0, "percent_statements_covered_display": "0"}, "missing_lines": [136, 137, 138, 139], "excluded_lines": [], "start_line": 135}, "create_app.chat": {"executed_lines": [143, 144], "summary": {"covered_lines": 2, "num_statements": 4, "percent_covered": 50.0, "percent_covered_display": "50", "missing_lines": 2, "excluded_lines": 0, "percent_statements_covered": 50.0, "percent_statements_covered_display": "50"}, "missing_lines": [145, 146], "excluded_lines": [], "start_line": 142}, "create_app.watch_rules": {"executed_lines": [150], "summary": {"covered_lines": 1, "num_statements": 1, "percent_covered": 100.0, "percent_covered_display": "100", "missing_lines": 0, "excluded_lines": 0, "percent_statements_covered": 100.0, "percent_statements_covered_display": "100"}, "missing_lines": [], "excluded_lines": [], "start_line": 149}, "create_app.create_watch_rule": {"executed_lines": [154, 155, 158, 159], "summary": {"covered_lines": 4, "num_statements": 4, "percent_covered": 100.0, "percent_covered_display": "100", "missing_lines": 0, "excluded_lines": 0, "percent_statements_covered": 100.0, "percent_statements_covered_display": "100"}, "missing_lines": [], "excluded_lines": [], "start_line": 153}, "create_app.run_watch_rule": {"executed_lines": [163, 164, 165, 166, 167], "summary": {"covered_lines": 5, "num_statements": 7, "percent_covered": 71.42857142857143, "percent_covered_display": "71", "missing_lines": 2, "excluded_lines": 0, "percent_statements_covered": 71.42857142857143, "percent_statements_covered_display": "71"}, "missing_lines": [168, 169], "excluded_lines": [], "start_line": 162}, "create_app.permissions": {"executed_lines": [173], "summary": {"covered_lines": 1, "num_statements": 1, "percent_covered": 100.0, "percent_covered_display": "100", "missing_lines": 0, "excluded_lines": 0, "percent_statements_covered": 100.0, "percent_statements_covered_display": "100"}, "missing_lines": [], "excluded_lines": [], "start_line": 172}, "create_app.set_offline": {"executed_lines": [180, 181], "summary": {"covered_lines": 2, "num_statements": 2, "percent_covered": 100.0, "percent_covered_display": "100", "missing_lines": 0, "excluded_lines": 0, "percent_statements_covered": 100.0, "percent_statements_covered_display": "100"}, "missing_lines": [], "excluded_lines": [], "start_line": 179}, "create_app.grant_domain": {"executed_lines": [185, 186], "summary": {"covered_lines": 2, "num_statements": 2, "percent_covered": 100.0, "percent_covered_display": "100", "missing_lines": 0, "excluded_lines": 0, "percent_statements_covered": 100.0, "percent_statements_covered_display": "100"}, "missing_lines": [], "excluded_lines": [], "start_line": 184}, "create_app.memory": {"executed_lines": [190], "summary": {"covered_lines": 1, "num_statements": 1, "percent_covered": 100.0, "percent_covered_display": "100", "missing_lines": 0, "excluded_lines": 0, "percent_statements_covered": 100.0, "percent_statements_covered_display": "100"}, "missing_lines": [], "excluded_lines": [], "start_line": 189}, "create_app.delete_session": {"executed_lines": [197, 198, 199], "summary": {"covered_lines": 3, "num_statements": 3, "percent_covered": 100.0, "percent_covered_display": "100", "missing_lines": 0, "excluded_lines": 0, "percent_statements_covered": 100.0, "percent_statements_covered_display": "100"}, "missing_lines": [], "excluded_lines": [], "start_line": 196}, "create_app.delete_preference": {"executed_lines": [203, 204, 205], "summary": {"covered_lines": 3, "num_statements": 3, "percent_covered": 100.0, "percent_covered_display": "100", "missing_lines": 0, "excluded_lines": 0, "percent_statements_covered": 100.0, "percent_statements_covered_display": "100"}, "missing_lines": [], "excluded_lines": [], "start_line": 202}, "": {"executed_lines": [1, 3, 4, 6, 7, 8, 9, 11, 12, 13, 16, 17, 18, 21, 22, 25, 26, 27, 30, 31, 32, 33, 34, 37, 38, 41, 42, 45, 53, 210], "summary": {"covered_lines": 30, "num_statements": 30, "percent_covered": 100.0, "percent_covered_display": "100", "missing_lines": 0, "excluded_lines": 0, "percent_statements_covered": 100.0, "percent_statements_covered_display": "100"}, "missing_lines": [], "excluded_lines": [], "start_line": 1}}, "classes": {"GitHubDiscoveryRequest": {"executed_lines": [], "summary": {"covered_lines": 0, "num_statements": 0, "percent_covered": 100.0, "percent_covered_display": "100", "missing_lines": 0, "excluded_lines": 0, "percent_statements_covered": 100.0, "percent_statements_covered_display": "100"}, "missing_lines": [], "excluded_lines": [], "start_line": 16}, "RSSIngestionRequest": {"executed_lines": [], "summary": {"covered_lines": 0, "num_statements": 0, "percent_covered": 100.0, "percent_covered_display": "100", "missing_lines": 0, "excluded_lines": 0, "percent_statements_covered": 100.0, "percent_statements_covered_display": "100"}, "missing_lines": [], "excluded_lines": [], "start_line": 21}, "ChatRequest": {"executed_lines": [], "summary": {"covered_lines": 0, "num_statements": 0, "percent_covered": 100.0, "percent_covered_display": "100", "missing_lines": 0, "excluded_lines": 0, "percent_statements_covered": 100.0, "percent_statements_covered_display": "100"}, "missing_lines": [], "excluded_lines": [], "start_line": 25}, "WatchRuleRequest": {"executed_lines": [], "summary": {"covered_lines": 0, "num_statements": 0, "percent_covered": 100.0, "percent_covered_display": "100", "missing_lines": 0, "excluded_lines": 0, "percent_statements_covered": 100.0, "percent_statements_covered_display": "100"}, "missing_lines": [], "excluded_lines": [], "start_line": 30}, "OfflineModeRequest": {"executed_lines": [], "summary": {"covered_lines": 0, "num_statements": 0, "percent_covered": 100.0, "percent_covered_display": "100", "missing_lines": 0, "excluded_lines": 0, "percent_statements_covered": 100.0, "percent_statements_covered_display": "100"}, "missing_lines": [], "excluded_lines": [], "start_line": 37}, "DomainGrantRequest": {"executed_lines": [], "summary": {"covered_lines": 0, "num_statements": 0, "percent_covered": 100.0, "percent_covered_display": "100", "missing_lines": 0, "excluded_lines": 0, "percent_statements_covered": 100.0, "percent_statements_covered_display": "100"}, "missing_lines": [], "excluded_lines": [], "start_line": 41}, "": {"executed_lines": [1, 3, 4, 6, 7, 8, 9, 11, 12, 13, 16, 17, 18, 21, 22, 25, 26, 27, 30, 31, 32, 33, 34, 37, 38, 41, 42, 45, 46, 47, 48, 49, 53, 54, 55, 60, 61, 62, 64, 65, 68, 69, 70, 72, 73, 76, 77, 78, 85, 86, 87, 89, 90, 91, 93, 94, 95, 96, 97, 98, 100, 101, 102, 104, 105, 106, 108, 109, 110, 112, 113, 114, 116, 117, 120, 121, 122, 123, 127, 128, 129, 130, 131, 132, 134, 135, 141, 142, 143, 144, 148, 149, 150, 152, 153, 154, 155, 158, 159, 161, 162, 163, 164, 165, 166, 167, 171, 172, 173, 178, 179, 180, 181, 183, 184, 185, 186, 188, 189, 190, 195, 196, 197, 198, 199, 201, 202, 203, 204, 205, 207, 210], "summary": {"covered_lines": 132, "num_statements": 146, "percent_covered": 90.41095890410959, "percent_covered_display": "90", "missing_lines": 14, "excluded_lines": 0, "percent_statements_covered": 90.41095890410959, "percent_statements_covered_display": "90"}, "missing_lines": [50, 66, 74, 118, 124, 125, 136, 137, 138, 139, 145, 146, 168, 169], "excluded_lines": [], "start_line": 1}}}, "src/openalpha_sentinel/chunking.py": {"executed_lines": [1, 3, 4, 7, 16, 19, 20, 21, 23, 24, 25, 26, 27, 28, 30, 31, 32, 35, 36, 37, 38, 39, 52, 53, 56], "summary": {"covered_lines": 25, "num_statements": 29, "percent_covered": 86.20689655172414, "percent_covered_display": "86", "missing_lines": 4, "excluded_lines": 0, "percent_statements_covered": 86.20689655172414, "percent_statements_covered_display": "86"}, "missing_lines": [17, 29, 33, 54], "excluded_lines": [], "functions": {"chunk_document": {"executed_lines": [16, 19, 20, 21, 23, 24, 25, 26, 27, 28, 30, 31, 32, 35, 36, 37, 38, 39, 52, 53, 56], "summary": {"covered_lines": 21, "num_statements": 25, "percent_covered": 84.0, "percent_covered_display": "84", "missing_lines": 4, "excluded_lines": 0, "percent_statements_covered": 84.0, "percent_statements_covered_display": "84"}, "missing_lines": [17, 29, 33, 54], "excluded_lines": [], "start_line": 7}, "": {"executed_lines": [1, 3, 4, 7], "summary": {"covered_lines": 4, "num_statements": 4, "percent_covered": 100.0, "percent_covered_display": "100", "missing_lines": 0, "excluded_lines": 0, "percent_statements_covered": 100.0, "percent_statements_covered_display": "100"}, "missing_lines": [], "excluded_lines": [], "start_line": 1}}, "classes": {"": {"executed_lines": [1, 3, 4, 7, 16, 19, 20, 21, 23, 24, 25, 26, 27, 28, 30, 31, 32, 35, 36, 37, 38, 39, 52, 53, 56], "summary": {"covered_lines": 25, "num_statements": 29, "percent_covered": 86.20689655172414, "percent_covered_display": "86", "missing_lines": 4, "excluded_lines": 0, "percent_statements_covered": 86.20689655172414, "percent_statements_covered_display": "86"}, "missing_lines": [17, 29, 33, 54], "excluded_lines": [], "start_line": 1}}}, "src/openalpha_sentinel/cli.py": {"executed_lines": [], "summary": {"covered_lines": 0, "num_statements": 88, "percent_covered": 0.0, "percent_covered_display": "0", "missing_lines": 88, "excluded_lines": 0, "percent_statements_covered": 0.0, "percent_statements_covered_display": "0"}, "missing_lines": [1, 3, 4, 5, 6, 7, 8, 10, 12, 13, 14, 15, 18, 19, 22, 23, 24, 25, 27, 28, 29, 30, 32, 33, 34, 36, 37, 39, 40, 41, 43, 44, 46, 47, 48, 50, 51, 52, 53, 54, 55, 56, 58, 59, 60, 63, 64, 65, 66, 68, 69, 70, 71, 72, 73, 74, 75, 76, 77, 78, 79, 80, 92, 93, 94, 95, 101, 102, 103, 104, 106, 107, 108, 109, 110, 111, 112, 113, 114, 115, 116, 117, 118, 119, 120, 122, 125, 126], "excluded_lines": [], "functions": {"_json": {"executed_lines": [], "summary": {"covered_lines": 0, "num_statements": 1, "percent_covered": 0.0, "percent_covered_display": "0", "missing_lines": 1, "excluded_lines": 0, "percent_statements_covered": 0.0, "percent_statements_covered_display": "0"}, "missing_lines": [19], "excluded_lines": [], "start_line": 18}, "build_parser": {"executed_lines": [], "summary": {"covered_lines": 0, "num_statements": 30, "percent_covered": 0.0, "percent_covered_display": "0", "missing_lines": 30, "excluded_lines": 0, "percent_statements_covered": 0.0, "percent_statements_covered_display": "0"}, "missing_lines": [23, 24, 25, 27, 28, 29, 30, 32, 33, 34, 36, 37, 39, 40, 41, 43, 44, 46, 47, 48, 50, 51, 52, 53, 54, 55, 56, 58, 59, 60], "excluded_lines": [], "start_line": 22}, "main": {"executed_lines": [], "summary": {"covered_lines": 0, "num_statements": 40, "percent_covered": 0.0, "percent_covered_display": "0", "missing_lines": 40, "excluded_lines": 0, "percent_statements_covered": 0.0, "percent_statements_covered_display": "0"}, "missing_lines": [64, 65, 66, 68, 69, 70, 71, 72, 73, 74, 75, 76, 77, 78, 79, 80, 92, 93, 94, 95, 101, 102, 103, 104, 106, 107, 108, 109, 110, 111, 112, 113, 114, 115, 116, 117, 118, 119, 120, 122], "excluded_lines": [], "start_line": 63}, "": {"executed_lines": [], "summary": {"covered_lines": 0, "num_statements": 17, "percent_covered": 0.0, "percent_covered_display": "0", "missing_lines": 17, "excluded_lines": 0, "percent_statements_covered": 0.0, "percent_statements_covered_display": "0"}, "missing_lines": [1, 3, 4, 5, 6, 7, 8, 10, 12, 13, 14, 15, 18, 22, 63, 125, 126], "excluded_lines": [], "start_line": 1}}, "classes": {"": {"executed_lines": [], "summary": {"covered_lines": 0, "num_statements": 88, "percent_covered": 0.0, "percent_covered_display": "0", "missing_lines": 88, "excluded_lines": 0, "percent_statements_covered": 0.0, "percent_statements_covered_display": "0"}, "missing_lines": [1, 3, 4, 5, 6, 7, 8, 10, 12, 13, 14, 15, 18, 19, 22, 23, 24, 25, 27, 28, 29, 30, 32, 33, 34, 36, 37, 39, 40, 41, 43, 44, 46, 47, 48, 50, 51, 52, 53, 54, 55, 56, 58, 59, 60, 63, 64, 65, 66, 68, 69, 70, 71, 72, 73, 74, 75, 76, 77, 78, 79, 80, 92, 93, 94, 95, 101, 102, 103, 104, 106, 107, 108, 109, 110, 111, 112, 113, 114, 115, 116, 117, 118, 119, 120, 122, 125, 126], "excluded_lines": [], "start_line": 1}}}, "src/openalpha_sentinel/config.py": {"executed_lines": [1, 3, 4, 5, 7, 10, 13, 14, 15, 16, 20, 21, 22, 23, 24, 25, 26, 27, 28, 29, 30, 31, 32, 33, 34, 35, 36, 38, 39, 40, 41, 49, 67, 68, 69, 70], "summary": {"covered_lines": 36, "num_statements": 37, "percent_covered": 97.29729729729729, "percent_covered_display": "97", "missing_lines": 1, "excluded_lines": 0, "percent_statements_covered": 97.29729729729729, "percent_statements_covered_display": "97"}, "missing_lines": [17], "excluded_lines": [], "functions": {"_bool_env": {"executed_lines": [14, 15, 16], "summary": {"covered_lines": 3, "num_statements": 4, "percent_covered": 75.0, "percent_covered_display": "75", "missing_lines": 1, "excluded_lines": 0, "percent_statements_covered": 75.0, "percent_statements_covered_display": "75"}, "missing_lines": [17], "excluded_lines": [], "start_line": 13}, "Settings.from_env": {"executed_lines": [40, 41, 49], "summary": {"covered_lines": 3, "num_statements": 3, "percent_covered": 100.0, "percent_covered_display": "100", "missing_lines": 0, "excluded_lines": 0, "percent_statements_covered": 100.0, "percent_statements_covered_display": "100"}, "missing_lines": [], "excluded_lines": [], "start_line": 39}, "Settings.ensure_directories": {"executed_lines": [68, 69, 70], "summary": {"covered_lines": 3, "num_statements": 3, "percent_covered": 100.0, "percent_covered_display": "100", "missing_lines": 0, "excluded_lines": 0, "percent_statements_covered": 100.0, "percent_statements_covered_display": "100"}, "missing_lines": [], "excluded_lines": [], "start_line": 67}, "": {"executed_lines": [1, 3, 4, 5, 7, 10, 13, 20, 21, 22, 23, 24, 25, 26, 27, 28, 29, 30, 31, 32, 33, 34, 35, 36, 38, 39, 67], "summary": {"covered_lines": 27, "num_statements": 27, "percent_covered": 100.0, "percent_covered_display": "100", "missing_lines": 0, "excluded_lines": 0, "percent_statements_covered": 100.0, "percent_statements_covered_display": "100"}, "missing_lines": [], "excluded_lines": [], "start_line": 1}}, "classes": {"Settings": {"executed_lines": [40, 41, 49, 68, 69, 70], "summary": {"covered_lines": 6, "num_statements": 6, "percent_covered": 100.0, "percent_covered_display": "100", "missing_lines": 0, "excluded_lines": 0, "percent_statements_covered": 100.0, "percent_statements_covered_display": "100"}, "missing_lines": [], "excluded_lines": [], "start_line": 21}, "": {"executed_lines": [1, 3, 4, 5, 7, 10, 13, 14, 15, 16, 20, 21, 22, 23, 24, 25, 26, 27, 28, 29, 30, 31, 32, 33, 34, 35, 36, 38, 39, 67], "summary": {"covered_lines": 30, "num_statements": 31, "percent_covered": 96.7741935483871, "percent_covered_display": "97", "missing_lines": 1, "excluded_lines": 0, "percent_statements_covered": 96.7741935483871, "percent_statements_covered_display": "97"}, "missing_lines": [17], "excluded_lines": [], "start_line": 1}}}, "src/openalpha_sentinel/database.py": {"executed_lines": [1, 3, 4, 5, 6, 7, 8, 10, 11, 12, 15, 197, 198, 199, 200, 201, 207, 208, 209, 210, 211, 212, 213, 214, 215, 216, 217, 222, 224, 225, 226, 228, 229, 230, 231, 232, 258, 261, 263, 264, 265, 266, 270, 271, 272, 291, 293, 295, 296, 303, 304, 306, 316, 317, 318, 326, 329, 331, 332, 333, 334, 351, 352, 357, 358, 360, 361, 362, 363, 364, 390, 394, 395, 396, 397, 414, 415, 416, 418, 419, 420, 433, 434, 435, 450, 452, 453, 455, 456, 474, 476, 477, 478, 489, 491, 492, 493, 503, 504, 505, 508, 509, 510, 512, 513, 514, 515, 516, 525, 527, 528, 529, 530, 531, 538, 542, 544, 555, 556, 557, 564, 565, 566, 567, 568, 569, 570, 571, 572, 573, 574, 579, 580, 581, 584, 585, 586, 587, 588, 589, 590, 592, 595, 596, 597, 598, 599, 618, 620, 621, 622, 623, 625, 626, 627, 628, 630, 631, 632, 636, 638, 639, 640, 641, 642, 643, 644, 646, 647, 648, 649, 650, 665, 666, 667, 668, 676, 681, 682, 683, 691, 695, 696, 697, 698, 700, 701, 702, 714, 716, 717, 718, 726, 727, 728, 729, 731, 732, 733, 734, 736, 737, 738, 739, 743, 745, 746, 747, 750, 752, 753, 754, 768, 769, 770, 771, 772, 773, 775, 776, 777, 782, 783, 784, 787, 788, 789, 790, 791, 792, 794, 795, 796, 797], "summary": {"covered_lines": 234, "num_statements": 242, "percent_covered": 96.69421487603306, "percent_covered_display": "97", "missing_lines": 8, "excluded_lines": 0, "percent_statements_covered": 96.69421487603306, "percent_statements_covered_display": "97"}, "missing_lines": [203, 204, 205, 218, 219, 220, 359, 454], "excluded_lines": [], "functions": {"Database.__init__": {"executed_lines": [199, 200, 201], "summary": {"covered_lines": 3, "num_statements": 6, "percent_covered": 50.0, "percent_covered_display": "50", "missing_lines": 3, "excluded_lines": 0, "percent_statements_covered": 50.0, "percent_statements_covered_display": "50"}, "missing_lines": [203, 204, 205], "excluded_lines": [], "start_line": 198}, "Database.connect": {"executed_lines": [209, 210, 211, 212, 213, 214, 215, 216, 217, 222], "summary": {"covered_lines": 10, "num_statements": 13, "percent_covered": 76.92307692307692, "percent_covered_display": "77", "missing_lines": 3, "excluded_lines": 0, "percent_statements_covered": 76.92307692307692, "percent_statements_covered_display": "77"}, "missing_lines": [218, 219, 220], "excluded_lines": [], "start_line": 208}, "Database.initialize": {"executed_lines": [225, 226], "summary": {"covered_lines": 2, "num_statements": 2, "percent_covered": 100.0, "percent_covered_display": "100", "missing_lines": 0, "excluded_lines": 0, "percent_statements_covered": 100.0, "percent_statements_covered_display": "100"}, "missing_lines": [], "excluded_lines": [], "start_line": 224}, "Database.upsert_source": {"executed_lines": [229, 230, 231, 232, 258, 261], "summary": {"covered_lines": 6, "num_statements": 6, "percent_covered": 100.0, "percent_covered_display": "100", "missing_lines": 0, "excluded_lines": 0, "percent_statements_covered": 100.0, "percent_statements_covered_display": "100"}, "missing_lines": [], "excluded_lines": [], "start_line": 228}, "Database.create_revision": {"executed_lines": [264, 265, 266, 270, 271, 272, 291], "summary": {"covered_lines": 7, "num_statements": 7, "percent_covered": 100.0, "percent_covered_display": "100", "missing_lines": 0, "excluded_lines": 0, "percent_statements_covered": 100.0, "percent_statements_covered_display": "100"}, "missing_lines": [], "excluded_lines": [], "start_line": 263}, "Database.delete_revision": {"executed_lines": [295, 296, 303, 304], "summary": {"covered_lines": 4, "num_statements": 4, "percent_covered": 100.0, "percent_covered_display": "100", "missing_lines": 0, "excluded_lines": 0, "percent_statements_covered": 100.0, "percent_statements_covered_display": "100"}, "missing_lines": [], "excluded_lines": [], "start_line": 293}, "Database.store_document": {"executed_lines": [316, 317, 318, 326, 329], "summary": {"covered_lines": 5, "num_statements": 5, "percent_covered": 100.0, "percent_covered_display": "100", "missing_lines": 0, "excluded_lines": 0, "percent_statements_covered": 100.0, "percent_statements_covered_display": "100"}, "missing_lines": [], "excluded_lines": [], "start_line": 306}, "Database.store_chunks": {"executed_lines": [332, 333, 334, 351, 352], "summary": {"covered_lines": 5, "num_statements": 5, "percent_covered": 100.0, "percent_covered_display": "100", "missing_lines": 0, "excluded_lines": 0, "percent_statements_covered": 100.0, "percent_statements_covered_display": "100"}, "missing_lines": [], "excluded_lines": [], "start_line": 331}, "Database.save_card": {"executed_lines": [358, 360, 361, 362, 363, 364, 390, 394, 395, 396, 397, 414, 415, 416], "summary": {"covered_lines": 14, "num_statements": 15, "percent_covered": 93.33333333333333, "percent_covered_display": "93", "missing_lines": 1, "excluded_lines": 0, "percent_statements_covered": 93.33333333333333, "percent_statements_covered_display": "93"}, "missing_lines": [359], "excluded_lines": [], "start_line": 357}, "Database.save_embedding": {"executed_lines": [419, 420], "summary": {"covered_lines": 2, "num_statements": 2, "percent_covered": 100.0, "percent_covered_display": "100", "missing_lines": 0, "excluded_lines": 0, "percent_statements_covered": 100.0, "percent_statements_covered_display": "100"}, "missing_lines": [], "excluded_lines": [], "start_line": 418}, "Database.list_embedding_rows": {"executed_lines": [434, 435, 450], "summary": {"covered_lines": 3, "num_statements": 3, "percent_covered": 100.0, "percent_covered_display": "100", "missing_lines": 0, "excluded_lines": 0, "percent_statements_covered": 100.0, "percent_statements_covered_display": "100"}, "missing_lines": [], "excluded_lines": [], "start_line": 433}, "Database.search_fts": {"executed_lines": [453, 455, 456, 474], "summary": {"covered_lines": 4, "num_statements": 5, "percent_covered": 80.0, "percent_covered_display": "80", "missing_lines": 1, "excluded_lines": 0, "percent_statements_covered": 80.0, "percent_statements_covered_display": "80"}, "missing_lines": [454], "excluded_lines": [], "start_line": 452}, "Database.list_cards": {"executed_lines": [477, 478, 489], "summary": {"covered_lines": 3, "num_statements": 3, "percent_covered": 100.0, "percent_covered_display": "100", "missing_lines": 0, "excluded_lines": 0, "percent_statements_covered": 100.0, "percent_statements_covered_display": "100"}, "missing_lines": [], "excluded_lines": [], "start_line": 476}, "Database.get_card": {"executed_lines": [492, 493, 503, 504, 505, 508, 509, 510], "summary": {"covered_lines": 8, "num_statements": 8, "percent_covered": 100.0, "percent_covered_display": "100", "missing_lines": 0, "excluded_lines": 0, "percent_statements_covered": 100.0, "percent_statements_covered_display": "100"}, "missing_lines": [], "excluded_lines": [], "start_line": 491}, "Database._card_row": {"executed_lines": [514, 515, 516, 525], "summary": {"covered_lines": 4, "num_statements": 4, "percent_covered": 100.0, "percent_covered_display": "100", "missing_lines": 0, "excluded_lines": 0, "percent_statements_covered": 100.0, "percent_statements_covered_display": "100"}, "missing_lines": [], "excluded_lines": [], "start_line": 513}, "Database.create_job": {"executed_lines": [528, 529, 530, 531, 538, 542], "summary": {"covered_lines": 6, "num_statements": 6, "percent_covered": 100.0, "percent_covered_display": "100", "missing_lines": 0, "excluded_lines": 0, "percent_statements_covered": 100.0, "percent_statements_covered_display": "100"}, "missing_lines": [], "excluded_lines": [], "start_line": 527}, "Database.update_job": {"executed_lines": [555, 556, 557, 564, 565, 566, 567, 568, 569, 570, 571, 572, 573, 574], "summary": {"covered_lines": 14, "num_statements": 14, "percent_covered": 100.0, "percent_covered_display": "100", "missing_lines": 0, "excluded_lines": 0, "percent_statements_covered": 100.0, "percent_statements_covered_display": "100"}, "missing_lines": [], "excluded_lines": [], "start_line": 544}, "Database.list_jobs": {"executed_lines": [580, 581, 584, 585, 586, 587, 588, 589, 590], "summary": {"covered_lines": 9, "num_statements": 9, "percent_covered": 100.0, "percent_covered_display": "100", "missing_lines": 0, "excluded_lines": 0, "percent_statements_covered": 100.0, "percent_statements_covered_display": "100"}, "missing_lines": [], "excluded_lines": [], "start_line": 579}, "Database.create_watch_rule": {"executed_lines": [595, 596, 597, 598, 599, 618], "summary": {"covered_lines": 6, "num_statements": 6, "percent_covered": 100.0, "percent_covered_display": "100", "missing_lines": 0, "excluded_lines": 0, "percent_statements_covered": 100.0, "percent_statements_covered_display": "100"}, "missing_lines": [], "excluded_lines": [], "start_line": 592}, "Database.get_watch_rule": {"executed_lines": [621, 622, 623], "summary": {"covered_lines": 3, "num_statements": 3, "percent_covered": 100.0, "percent_covered_display": "100", "missing_lines": 0, "excluded_lines": 0, "percent_statements_covered": 100.0, "percent_statements_covered_display": "100"}, "missing_lines": [], "excluded_lines": [], "start_line": 620}, "Database.list_watch_rules": {"executed_lines": [626, 627, 628], "summary": {"covered_lines": 3, "num_statements": 3, "percent_covered": 100.0, "percent_covered_display": "100", "missing_lines": 0, "excluded_lines": 0, "percent_statements_covered": 100.0, "percent_statements_covered_display": "100"}, "missing_lines": [], "excluded_lines": [], "start_line": 625}, "Database.due_watch_rules": {"executed_lines": [631, 632, 636], "summary": {"covered_lines": 3, "num_statements": 3, "percent_covered": 100.0, "percent_covered_display": "100", "missing_lines": 0, "excluded_lines": 0, "percent_statements_covered": 100.0, "percent_statements_covered_display": "100"}, "missing_lines": [], "excluded_lines": [], "start_line": 630}, "Database._watch_row": {"executed_lines": [640, 641, 642, 643, 644], "summary": {"covered_lines": 5, "num_statements": 5, "percent_covered": 100.0, "percent_covered_display": "100", "missing_lines": 0, "excluded_lines": 0, "percent_statements_covered": 100.0, "percent_statements_covered_display": "100"}, "missing_lines": [], "excluded_lines": [], "start_line": 639}, "Database.mark_watch_run": {"executed_lines": [647, 648, 649, 650], "summary": {"covered_lines": 4, "num_statements": 4, "percent_covered": 100.0, "percent_covered_display": "100", "missing_lines": 0, "excluded_lines": 0, "percent_statements_covered": 100.0, "percent_statements_covered_display": "100"}, "missing_lines": [], "excluded_lines": [], "start_line": 646}, "Database.add_message": {"executed_lines": [666, 667, 668, 676], "summary": {"covered_lines": 4, "num_statements": 4, "percent_covered": 100.0, "percent_covered_display": "100", "missing_lines": 0, "excluded_lines": 0, "percent_statements_covered": 100.0, "percent_statements_covered_display": "100"}, "missing_lines": [], "excluded_lines": [], "start_line": 665}, "Database.recent_messages": {"executed_lines": [682, 683, 691], "summary": {"covered_lines": 3, "num_statements": 3, "percent_covered": 100.0, "percent_covered_display": "100", "missing_lines": 0, "excluded_lines": 0, "percent_statements_covered": 100.0, "percent_statements_covered_display": "100"}, "missing_lines": [], "excluded_lines": [], "start_line": 681}, "Database.delete_conversation": {"executed_lines": [696, 697, 698], "summary": {"covered_lines": 3, "num_statements": 3, "percent_covered": 100.0, "percent_covered_display": "100", "missing_lines": 0, "excluded_lines": 0, "percent_statements_covered": 100.0, "percent_statements_covered_display": "100"}, "missing_lines": [], "excluded_lines": [], "start_line": 695}, "Database.list_conversations": {"executed_lines": [701, 702, 714], "summary": {"covered_lines": 3, "num_statements": 3, "percent_covered": 100.0, "percent_covered_display": "100", "missing_lines": 0, "excluded_lines": 0, "percent_statements_covered": 100.0, "percent_statements_covered_display": "100"}, "missing_lines": [], "excluded_lines": [], "start_line": 700}, "Database.set_preference": {"executed_lines": [717, 718], "summary": {"covered_lines": 2, "num_statements": 2, "percent_covered": 100.0, "percent_covered_display": "100", "missing_lines": 0, "excluded_lines": 0, "percent_statements_covered": 100.0, "percent_statements_covered_display": "100"}, "missing_lines": [], "excluded_lines": [], "start_line": 716}, "Database.preferences": {"executed_lines": [727, 728, 729], "summary": {"covered_lines": 3, "num_statements": 3, "percent_covered": 100.0, "percent_covered_display": "100", "missing_lines": 0, "excluded_lines": 0, "percent_statements_covered": 100.0, "percent_statements_covered_display": "100"}, "missing_lines": [], "excluded_lines": [], "start_line": 726}, "Database.delete_preference": {"executed_lines": [732, 733, 734], "summary": {"covered_lines": 3, "num_statements": 3, "percent_covered": 100.0, "percent_covered_display": "100", "missing_lines": 0, "excluded_lines": 0, "percent_statements_covered": 100.0, "percent_statements_covered_display": "100"}, "missing_lines": [], "excluded_lines": [], "start_line": 731}, "Database.add_notification": {"executed_lines": [737, 738, 739, 743], "summary": {"covered_lines": 4, "num_statements": 4, "percent_covered": 100.0, "percent_covered_display": "100", "missing_lines": 0, "excluded_lines": 0, "percent_statements_covered": 100.0, "percent_statements_covered_display": "100"}, "missing_lines": [], "excluded_lines": [], "start_line": 736}, "Database.list_notifications": {"executed_lines": [746, 747, 750], "summary": {"covered_lines": 3, "num_statements": 3, "percent_covered": 100.0, "percent_covered_display": "100", "missing_lines": 0, "excluded_lines": 0, "percent_statements_covered": 100.0, "percent_statements_covered_display": "100"}, "missing_lines": [], "excluded_lines": [], "start_line": 745}, "Database.list_sources": {"executed_lines": [753, 754, 768, 769, 770, 771, 772, 773], "summary": {"covered_lines": 8, "num_statements": 8, "percent_covered": 100.0, "percent_covered_display": "100", "missing_lines": 0, "excluded_lines": 0, "percent_statements_covered": 100.0, "percent_statements_covered_display": "100"}, "missing_lines": [], "excluded_lines": [], "start_line": 752}, "Database.audit": {"executed_lines": [776, 777], "summary": {"covered_lines": 2, "num_statements": 2, "percent_covered": 100.0, "percent_covered_display": "100", "missing_lines": 0, "excluded_lines": 0, "percent_statements_covered": 100.0, "percent_statements_covered_display": "100"}, "missing_lines": [], "excluded_lines": [], "start_line": 775}, "Database.list_audit_events": {"executed_lines": [783, 784, 787, 788, 789, 790, 791, 792], "summary": {"covered_lines": 8, "num_statements": 8, "percent_covered": 100.0, "percent_covered_display": "100", "missing_lines": 0, "excluded_lines": 0, "percent_statements_covered": 100.0, "percent_statements_covered_display": "100"}, "missing_lines": [], "excluded_lines": [], "start_line": 782}, "Database.dashboard": {"executed_lines": [795, 796, 797], "summary": {"covered_lines": 3, "num_statements": 3, "percent_covered": 100.0, "percent_covered_display": "100", "missing_lines": 0, "excluded_lines": 0, "percent_statements_covered": 100.0, "percent_statements_covered_display": "100"}, "missing_lines": [], "excluded_lines": [], "start_line": 794}, "": {"executed_lines": [1, 3, 4, 5, 6, 7, 8, 10, 11, 12, 15, 197, 198, 207, 208, 224, 228, 263, 293, 306, 331, 357, 418, 433, 452, 476, 491, 512, 513, 527, 544, 579, 592, 620, 625, 630, 638, 639, 646, 665, 681, 695, 700, 716, 726, 731, 736, 745, 752, 775, 782, 794], "summary": {"covered_lines": 52, "num_statements": 52, "percent_covered": 100.0, "percent_covered_display": "100", "missing_lines": 0, "excluded_lines": 0, "percent_statements_covered": 100.0, "percent_statements_covered_display": "100"}, "missing_lines": [], "excluded_lines": [], "start_line": 1}}, "classes": {"Database": {"executed_lines": [199, 200, 201, 209, 210, 211, 212, 213, 214, 215, 216, 217, 222, 225, 226, 229, 230, 231, 232, 258, 261, 264, 265, 266, 270, 271, 272, 291, 295, 296, 303, 304, 316, 317, 318, 326, 329, 332, 333, 334, 351, 352, 358, 360, 361, 362, 363, 364, 390, 394, 395, 396, 397, 414, 415, 416, 419, 420, 434, 435, 450, 453, 455, 456, 474, 477, 478, 489, 492, 493, 503, 504, 505, 508, 509, 510, 514, 515, 516, 525, 528, 529, 530, 531, 538, 542, 555, 556, 557, 564, 565, 566, 567, 568, 569, 570, 571, 572, 573, 574, 580, 581, 584, 585, 586, 587, 588, 589, 590, 595, 596, 597, 598, 599, 618, 621, 622, 623, 626, 627, 628, 631, 632, 636, 640, 641, 642, 643, 644, 647, 648, 649, 650, 666, 667, 668, 676, 682, 683, 691, 696, 697, 698, 701, 702, 714, 717, 718, 727, 728, 729, 732, 733, 734, 737, 738, 739, 743, 746, 747, 750, 753, 754, 768, 769, 770, 771, 772, 773, 776, 777, 783, 784, 787, 788, 789, 790, 791, 792, 795, 796, 797], "summary": {"covered_lines": 182, "num_statements": 190, "percent_covered": 95.78947368421052, "percent_covered_display": "96", "missing_lines": 8, "excluded_lines": 0, "percent_statements_covered": 95.78947368421052, "percent_statements_covered_display": "96"}, "missing_lines": [203, 204, 205, 218, 219, 220, 359, 454], "excluded_lines": [], "start_line": 197}, "": {"executed_lines": [1, 3, 4, 5, 6, 7, 8, 10, 11, 12, 15, 197, 198, 207, 208, 224, 228, 263, 293, 306, 331, 357, 418, 433, 452, 476, 491, 512, 513, 527, 544, 579, 592, 620, 625, 630, 638, 639, 646, 665, 681, 695, 700, 716, 726, 731, 736, 745, 752, 775, 782, 794], "summary": {"covered_lines": 52, "num_statements": 52, "percent_covered": 100.0, "percent_covered_display": "100", "missing_lines": 0, "excluded_lines": 0, "percent_statements_covered": 100.0, "percent_statements_covered_display": "100"}, "missing_lines": [], "excluded_lines": [], "start_line": 1}}}, "src/openalpha_sentinel/embeddings.py": {"executed_lines": [1, 3, 4, 5, 7, 9, 12, 13, 14, 17, 20, 21, 22, 24, 25, 26, 27, 28, 29, 30, 31, 33, 34, 37, 38, 43, 53, 57, 58, 60], "summary": {"covered_lines": 30, "num_statements": 39, "percent_covered": 76.92307692307692, "percent_covered_display": "77", "missing_lines": 9, "excluded_lines": 0, "percent_statements_covered": 76.92307692307692, "percent_statements_covered_display": "77"}, "missing_lines": [39, 40, 41, 44, 49, 50, 51, 54, 59], "excluded_lines": [], "functions": {"_normalize": {"executed_lines": [13, 14], "summary": {"covered_lines": 2, "num_statements": 2, "percent_covered": 100.0, "percent_covered_display": "100", "missing_lines": 0, "excluded_lines": 0, "percent_statements_covered": 100.0, "percent_statements_covered_display": "100"}, "missing_lines": [], "excluded_lines": [], "start_line": 12}, "HashEmbedding.__init__": {"executed_lines": [21, 22], "summary": {"covered_lines": 2, "num_statements": 2, "percent_covered": 100.0, "percent_covered_display": "100", "missing_lines": 0, "excluded_lines": 0, "percent_statements_covered": 100.0, "percent_statements_covered_display": "100"}, "missing_lines": [], "excluded_lines": [], "start_line": 20}, "HashEmbedding.embed": {"executed_lines": [25, 26, 27, 28, 29, 30, 31], "summary": {"covered_lines": 7, "num_statements": 7, "percent_covered": 100.0, "percent_covered_display": "100", "missing_lines": 0, "excluded_lines": 0, "percent_statements_covered": 100.0, "percent_statements_covered_display": "100"}, "missing_lines": [], "excluded_lines": [], "start_line": 24}, "HashEmbedding.embed_many": {"executed_lines": [34], "summary": {"covered_lines": 1, "num_statements": 1, "percent_covered": 100.0, "percent_covered_display": "100", "missing_lines": 0, "excluded_lines": 0, "percent_statements_covered": 100.0, "percent_statements_covered_display": "100"}, "missing_lines": [], "excluded_lines": [], "start_line": 33}, "OpenAICompatibleEmbedding.__init__": {"executed_lines": [], "summary": {"covered_lines": 0, "num_statements": 3, "percent_covered": 0.0, "percent_covered_display": "0", "missing_lines": 3, "excluded_lines": 0, "percent_statements_covered": 0.0, "percent_statements_covered_display": "0"}, "missing_lines": [39, 40, 41], "excluded_lines": [], "start_line": 38}, "OpenAICompatibleEmbedding.embed_many": {"executed_lines": [], "summary": {"covered_lines": 0, "num_statements": 4, "percent_covered": 0.0, "percent_covered_display": "0", "missing_lines": 4, "excluded_lines": 0, "percent_statements_covered": 0.0, "percent_statements_covered_display": "0"}, "missing_lines": [44, 49, 50, 51], "excluded_lines": [], "start_line": 43}, "OpenAICompatibleEmbedding.embed": {"executed_lines": [], "summary": {"covered_lines": 0, "num_statements": 1, "percent_covered": 0.0, "percent_covered_display": "0", "missing_lines": 1, "excluded_lines": 0, "percent_statements_covered": 0.0, "percent_statements_covered_display": "0"}, "missing_lines": [54], "excluded_lines": [], "start_line": 53}, "cosine_similarity": {"executed_lines": [58, 60], "summary": {"covered_lines": 2, "num_statements": 3, "percent_covered": 66.66666666666667, "percent_covered_display": "67", "missing_lines": 1, "excluded_lines": 0, "percent_statements_covered": 66.66666666666667, "percent_statements_covered_display": "67"}, "missing_lines": [59], "excluded_lines": [], "start_line": 57}, "": {"executed_lines": [1, 3, 4, 5, 7, 9, 12, 17, 20, 24, 33, 37, 38, 43, 53, 57], "summary": {"covered_lines": 16, "num_statements": 16, "percent_covered": 100.0, "percent_covered_display": "100", "missing_lines": 0, "excluded_lines": 0, "percent_statements_covered": 100.0, "percent_statements_covered_display": "100"}, "missing_lines": [], "excluded_lines": [], "start_line": 1}}, "classes": {"HashEmbedding": {"executed_lines": [21, 22, 25, 26, 27, 28, 29, 30, 31, 34], "summary": {"covered_lines": 10, "num_statements": 10, "percent_covered": 100.0, "percent_covered_display": "100", "missing_lines": 0, "excluded_lines": 0, "percent_statements_covered": 100.0, "percent_statements_covered_display": "100"}, "missing_lines": [], "excluded_lines": [], "start_line": 17}, "OpenAICompatibleEmbedding": {"executed_lines": [], "summary": {"covered_lines": 0, "num_statements": 8, "percent_covered": 0.0, "percent_covered_display": "0", "missing_lines": 8, "excluded_lines": 0, "percent_statements_covered": 0.0, "percent_statements_covered_display": "0"}, "missing_lines": [39, 40, 41, 44, 49, 50, 51, 54], "excluded_lines": [], "start_line": 37}, "": {"executed_lines": [1, 3, 4, 5, 7, 9, 12, 13, 14, 17, 20, 24, 33, 37, 38, 43, 53, 57, 58, 60], "summary": {"covered_lines": 20, "num_statements": 21, "percent_covered": 95.23809523809524, "percent_covered_display": "95", "missing_lines": 1, "excluded_lines": 0, "percent_statements_covered": 95.23809523809524, "percent_statements_covered_display": "95"}, "missing_lines": [59], "excluded_lines": [], "start_line": 1}}}, "src/openalpha_sentinel/extractor.py": {"executed_lines": [1, 3, 4, 6, 7, 10, 21, 30, 41, 54, 55, 62, 63, 64, 67, 72, 77, 78, 81, 82, 83, 84, 85, 86, 89, 90, 91, 95, 98, 100, 108, 110, 115, 116, 118, 119, 121, 122, 123, 124, 125, 126, 127, 128, 129, 138, 139, 140, 141, 142, 144, 146, 147, 148, 149, 150, 151, 153, 156, 157, 158, 159, 160, 161, 162, 163, 164, 165, 166, 167, 168, 169, 170, 171, 172, 173, 174, 175, 177, 187, 207, 208, 209, 210, 211, 212, 213, 214, 215, 218, 219, 220, 226, 228, 229, 230, 231], "summary": {"covered_lines": 97, "num_statements": 102, "percent_covered": 95.09803921568627, "percent_covered_display": "95", "missing_lines": 5, "excluded_lines": 0, "percent_statements_covered": 95.09803921568627, "percent_statements_covered_display": "95"}, "missing_lines": [65, 92, 152, 154, 216], "excluded_lines": [], "functions": {"_find_values": {"executed_lines": [55], "summary": {"covered_lines": 1, "num_statements": 1, "percent_covered": 100.0, "percent_covered_display": "100", "missing_lines": 0, "excluded_lines": 0, "percent_statements_covered": 100.0, "percent_statements_covered_display": "100"}, "missing_lines": [], "excluded_lines": [], "start_line": 54}, "_contains_keyword": {"executed_lines": [63, 64, 67, 72, 77, 78], "summary": {"covered_lines": 6, "num_statements": 7, "percent_covered": 85.71428571428571, "percent_covered_display": "86", "missing_lines": 1, "excluded_lines": 0, "percent_statements_covered": 85.71428571428571, "percent_statements_covered_display": "86"}, "missing_lines": [65], "excluded_lines": [], "start_line": 62}, "_first_matching_chunk": {"executed_lines": [82, 83, 84, 85, 86], "summary": {"covered_lines": 5, "num_statements": 5, "percent_covered": 100.0, "percent_covered_display": "100", "missing_lines": 0, "excluded_lines": 0, "percent_statements_covered": 100.0, "percent_statements_covered_display": "100"}, "missing_lines": [], "excluded_lines": [], "start_line": 81}, "_source_with_lines": {"executed_lines": [90, 91], "summary": {"covered_lines": 2, "num_statements": 3, "percent_covered": 66.66666666666667, "percent_covered_display": "67", "missing_lines": 1, "excluded_lines": 0, "percent_statements_covered": 66.66666666666667, "percent_statements_covered_display": "67"}, "missing_lines": [92], "excluded_lines": [], "start_line": 89}, "RuleBasedExtractor.extract": {"executed_lines": [108, 110, 115, 116, 118, 121, 122, 123, 124, 125, 126, 127, 128, 129, 138, 139, 140, 141, 142, 144, 146, 147, 148, 149, 150, 151, 153, 156, 157, 158, 159, 160, 161, 162, 163, 164, 165, 166, 167, 168, 169, 170, 171, 172, 173, 174, 175, 177, 187], "summary": {"covered_lines": 49, "num_statements": 51, "percent_covered": 96.07843137254902, "percent_covered_display": "96", "missing_lines": 2, "excluded_lines": 0, "percent_statements_covered": 96.07843137254902, "percent_statements_covered_display": "96"}, "missing_lines": [152, 154], "excluded_lines": [], "start_line": 100}, "RuleBasedExtractor.extract.evidence_url": {"executed_lines": [119], "summary": {"covered_lines": 1, "num_statements": 1, "percent_covered": 100.0, "percent_covered_display": "100", "missing_lines": 0, "excluded_lines": 0, "percent_statements_covered": 100.0, "percent_statements_covered_display": "100"}, "missing_lines": [], "excluded_lines": [], "start_line": 118}, "RuleBasedExtractor._summary": {"executed_lines": [209, 210, 211, 212, 213, 214, 215], "summary": {"covered_lines": 7, "num_statements": 8, "percent_covered": 87.5, "percent_covered_display": "88", "missing_lines": 1, "excluded_lines": 0, "percent_statements_covered": 87.5, "percent_statements_covered_display": "88"}, "missing_lines": [216], "excluded_lines": [], "start_line": 208}, "RuleBasedExtractor._timeframes": {"executed_lines": [220, 226], "summary": {"covered_lines": 2, "num_statements": 2, "percent_covered": 100.0, "percent_covered_display": "100", "missing_lines": 0, "excluded_lines": 0, "percent_statements_covered": 100.0, "percent_statements_covered_display": "100"}, "missing_lines": [], "excluded_lines": [], "start_line": 219}, "RuleBasedExtractor._evidence": {"executed_lines": [230, 231], "summary": {"covered_lines": 2, "num_statements": 2, "percent_covered": 100.0, "percent_covered_display": "100", "missing_lines": 0, "excluded_lines": 0, "percent_statements_covered": 100.0, "percent_statements_covered_display": "100"}, "missing_lines": [], "excluded_lines": [], "start_line": 229}, "": {"executed_lines": [1, 3, 4, 6, 7, 10, 21, 30, 41, 54, 62, 81, 89, 95, 98, 100, 207, 208, 218, 219, 228, 229], "summary": {"covered_lines": 22, "num_statements": 22, "percent_covered": 100.0, "percent_covered_display": "100", "missing_lines": 0, "excluded_lines": 0, "percent_statements_covered": 100.0, "percent_statements_covered_display": "100"}, "missing_lines": [], "excluded_lines": [], "start_line": 1}}, "classes": {"RuleBasedExtractor": {"executed_lines": [108, 110, 115, 116, 118, 119, 121, 122, 123, 124, 125, 126, 127, 128, 129, 138, 139, 140, 141, 142, 144, 146, 147, 148, 149, 150, 151, 153, 156, 157, 158, 159, 160, 161, 162, 163, 164, 165, 166, 167, 168, 169, 170, 171, 172, 173, 174, 175, 177, 187, 209, 210, 211, 212, 213, 214, 215, 220, 226, 230, 231], "summary": {"covered_lines": 61, "num_statements": 64, "percent_covered": 95.3125, "percent_covered_display": "95", "missing_lines": 3, "excluded_lines": 0, "percent_statements_covered": 95.3125, "percent_statements_covered_display": "95"}, "missing_lines": [152, 154, 216], "excluded_lines": [], "start_line": 95}, "": {"executed_lines": [1, 3, 4, 6, 7, 10, 21, 30, 41, 54, 55, 62, 63, 64, 67, 72, 77, 78, 81, 82, 83, 84, 85, 86, 89, 90, 91, 95, 98, 100, 207, 208, 218, 219, 228, 229], "summary": {"covered_lines": 36, "num_statements": 38, "percent_covered": 94.73684210526316, "percent_covered_display": "95", "missing_lines": 2, "excluded_lines": 0, "percent_statements_covered": 94.73684210526316, "percent_statements_covered_display": "95"}, "missing_lines": [65, 92], "excluded_lines": [], "start_line": 1}}}, "src/openalpha_sentinel/llm.py": {"executed_lines": [1, 3, 4, 5, 7, 9, 10, 13, 23, 34, 40, 41, 43, 44, 47, 48, 52, 53, 55, 58, 59, 60, 61, 80, 81, 83, 84, 85, 87, 93, 118, 119, 121, 122, 123, 125, 131, 156, 157, 158, 159, 160, 161, 163, 164, 165, 166, 177, 178, 179, 181, 182, 183, 184, 191, 192, 196], "summary": {"covered_lines": 57, "num_statements": 114, "percent_covered": 50.0, "percent_covered_display": "50", "missing_lines": 57, "excluded_lines": 0, "percent_statements_covered": 50.0, "percent_statements_covered_display": "50"}, "missing_lines": [24, 25, 26, 31, 35, 36, 37, 45, 49, 56, 64, 65, 66, 67, 68, 69, 70, 71, 72, 73, 74, 77, 88, 89, 90, 91, 94, 95, 100, 109, 114, 115, 126, 127, 128, 129, 132, 133, 138, 147, 152, 153, 167, 168, 169, 170, 171, 172, 173, 174, 175, 185, 186, 187, 188, 193, 194], "excluded_lines": [], "functions": {"_context_text": {"executed_lines": [], "summary": {"covered_lines": 0, "num_statements": 4, "percent_covered": 0.0, "percent_covered_display": "0", "missing_lines": 4, "excluded_lines": 0, "percent_statements_covered": 0.0, "percent_statements_covered_display": "0"}, "missing_lines": [24, 25, 26, 31], "excluded_lines": [], "start_line": 23}, "_language_instruction": {"executed_lines": [], "summary": {"covered_lines": 0, "num_statements": 3, "percent_covered": 0.0, "percent_covered_display": "0", "missing_lines": 3, "excluded_lines": 0, "percent_statements_covered": 0.0, "percent_statements_covered_display": "0"}, "missing_lines": [35, 36, 37], "excluded_lines": [], "start_line": 34}, "LocalLLM.health": {"executed_lines": [], "summary": {"covered_lines": 0, "num_statements": 1, "percent_covered": 0.0, "percent_covered_display": "0", "missing_lines": 1, "excluded_lines": 0, "percent_statements_covered": 0.0, "percent_statements_covered_display": "0"}, "missing_lines": [45], "excluded_lines": [], "start_line": 44}, "LocalLLM.answer": {"executed_lines": [], "summary": {"covered_lines": 0, "num_statements": 1, "percent_covered": 0.0, "percent_covered_display": "0", "missing_lines": 1, "excluded_lines": 0, "percent_statements_covered": 0.0, "percent_statements_covered_display": "0"}, "missing_lines": [49], "excluded_lines": [], "start_line": 48}, "HeuristicLLM.health": {"executed_lines": [], "summary": {"covered_lines": 0, "num_statements": 1, "percent_covered": 0.0, "percent_covered_display": "0", "missing_lines": 1, "excluded_lines": 0, "percent_statements_covered": 0.0, "percent_statements_covered_display": "0"}, "missing_lines": [56], "excluded_lines": [], "start_line": 55}, "HeuristicLLM.answer": {"executed_lines": [59, 60, 61], "summary": {"covered_lines": 3, "num_statements": 15, "percent_covered": 20.0, "percent_covered_display": "20", "missing_lines": 12, "excluded_lines": 0, "percent_statements_covered": 20.0, "percent_statements_covered_display": "20"}, "missing_lines": [64, 65, 66, 67, 68, 69, 70, 71, 72, 73, 74, 77], "excluded_lines": [], "start_line": 58}, "OllamaLLM.__init__": {"executed_lines": [84, 85], "summary": {"covered_lines": 2, "num_statements": 2, "percent_covered": 100.0, "percent_covered_display": "100", "missing_lines": 0, "excluded_lines": 0, "percent_statements_covered": 100.0, "percent_statements_covered_display": "100"}, "missing_lines": [], "excluded_lines": [], "start_line": 83}, "OllamaLLM.health": {"executed_lines": [], "summary": {"covered_lines": 0, "num_statements": 4, "percent_covered": 0.0, "percent_covered_display": "0", "missing_lines": 4, "excluded_lines": 0, "percent_statements_covered": 0.0, "percent_statements_covered_display": "0"}, "missing_lines": [88, 89, 90, 91], "excluded_lines": [], "start_line": 87}, "OllamaLLM.answer": {"executed_lines": [], "summary": {"covered_lines": 0, "num_statements": 6, "percent_covered": 0.0, "percent_covered_display": "0", "missing_lines": 6, "excluded_lines": 0, "percent_statements_covered": 0.0, "percent_statements_covered_display": "0"}, "missing_lines": [94, 95, 100, 109, 114, 115], "excluded_lines": [], "start_line": 93}, "LlamaCppLLM.__init__": {"executed_lines": [122, 123], "summary": {"covered_lines": 2, "num_statements": 2, "percent_covered": 100.0, "percent_covered_display": "100", "missing_lines": 0, "excluded_lines": 0, "percent_statements_covered": 100.0, "percent_statements_covered_display": "100"}, "missing_lines": [], "excluded_lines": [], "start_line": 121}, "LlamaCppLLM.health": {"executed_lines": [], "summary": {"covered_lines": 0, "num_statements": 4, "percent_covered": 0.0, "percent_covered_display": "0", "missing_lines": 4, "excluded_lines": 0, "percent_statements_covered": 0.0, "percent_statements_covered_display": "0"}, "missing_lines": [126, 127, 128, 129], "excluded_lines": [], "start_line": 125}, "LlamaCppLLM.answer": {"executed_lines": [], "summary": {"covered_lines": 0, "num_statements": 6, "percent_covered": 0.0, "percent_covered_display": "0", "missing_lines": 6, "excluded_lines": 0, "percent_statements_covered": 0.0, "percent_statements_covered_display": "0"}, "missing_lines": [132, 133, 138, 147, 152, 153], "excluded_lines": [], "start_line": 131}, "LocalModelRouter.__init__": {"executed_lines": [158, 159, 160, 161], "summary": {"covered_lines": 4, "num_statements": 4, "percent_covered": 100.0, "percent_covered_display": "100", "missing_lines": 0, "excluded_lines": 0, "percent_statements_covered": 100.0, "percent_statements_covered_display": "100"}, "missing_lines": [], "excluded_lines": [], "start_line": 157}, "LocalModelRouter.active": {"executed_lines": [164, 165, 166], "summary": {"covered_lines": 3, "num_statements": 12, "percent_covered": 25.0, "percent_covered_display": "25", "missing_lines": 9, "excluded_lines": 0, "percent_statements_covered": 25.0, "percent_statements_covered_display": "25"}, "missing_lines": [167, 168, 169, 170, 171, 172, 173, 174, 175], "excluded_lines": [], "start_line": 163}, "LocalModelRouter.name": {"executed_lines": [179], "summary": {"covered_lines": 1, "num_statements": 1, "percent_covered": 100.0, "percent_covered_display": "100", "missing_lines": 0, "excluded_lines": 0, "percent_statements_covered": 100.0, "percent_statements_covered_display": "100"}, "missing_lines": [], "excluded_lines": [], "start_line": 178}, "LocalModelRouter.answer": {"executed_lines": [182, 183, 184], "summary": {"covered_lines": 3, "num_statements": 7, "percent_covered": 42.857142857142854, "percent_covered_display": "43", "missing_lines": 4, "excluded_lines": 0, "percent_statements_covered": 42.857142857142854, "percent_statements_covered_display": "43"}, "missing_lines": [185, 186, 187, 188], "excluded_lines": [], "start_line": 181}, "validate_citation_labels": {"executed_lines": [192, 196], "summary": {"covered_lines": 2, "num_statements": 2, "percent_covered": 100.0, "percent_covered_display": "100", "missing_lines": 0, "excluded_lines": 0, "percent_statements_covered": 100.0, "percent_statements_covered_display": "100"}, "missing_lines": [], "excluded_lines": [], "start_line": 191}, "validate_citation_labels.replace": {"executed_lines": [], "summary": {"covered_lines": 0, "num_statements": 2, "percent_covered": 0.0, "percent_covered_display": "0", "missing_lines": 2, "excluded_lines": 0, "percent_statements_covered": 0.0, "percent_statements_covered_display": "0"}, "missing_lines": [193, 194], "excluded_lines": [], "start_line": 192}, "": {"executed_lines": [1, 3, 4, 5, 7, 9, 10, 13, 23, 34, 40, 41, 43, 44, 47, 48, 52, 53, 55, 58, 80, 81, 83, 87, 93, 118, 119, 121, 125, 131, 156, 157, 163, 177, 178, 181, 191], "summary": {"covered_lines": 37, "num_statements": 37, "percent_covered": 100.0, "percent_covered_display": "100", "missing_lines": 0, "excluded_lines": 0, "percent_statements_covered": 100.0, "percent_statements_covered_display": "100"}, "missing_lines": [], "excluded_lines": [], "start_line": 1}}, "classes": {"LocalLLM": {"executed_lines": [], "summary": {"covered_lines": 0, "num_statements": 2, "percent_covered": 0.0, "percent_covered_display": "0", "missing_lines": 2, "excluded_lines": 0, "percent_statements_covered": 0.0, "percent_statements_covered_display": "0"}, "missing_lines": [45, 49], "excluded_lines": [], "start_line": 40}, "HeuristicLLM": {"executed_lines": [59, 60, 61], "summary": {"covered_lines": 3, "num_statements": 16, "percent_covered": 18.75, "percent_covered_display": "19", "missing_lines": 13, "excluded_lines": 0, "percent_statements_covered": 18.75, "percent_statements_covered_display": "19"}, "missing_lines": [56, 64, 65, 66, 67, 68, 69, 70, 71, 72, 73, 74, 77], "excluded_lines": [], "start_line": 52}, "OllamaLLM": {"executed_lines": [84, 85], "summary": {"covered_lines": 2, "num_statements": 12, "percent_covered": 16.666666666666668, "percent_covered_display": "17", "missing_lines": 10, "excluded_lines": 0, "percent_statements_covered": 16.666666666666668, "percent_statements_covered_display": "17"}, "missing_lines": [88, 89, 90, 91, 94, 95, 100, 109, 114, 115], "excluded_lines": [], "start_line": 80}, "LlamaCppLLM": {"executed_lines": [122, 123], "summary": {"covered_lines": 2, "num_statements": 12, "percent_covered": 16.666666666666668, "percent_covered_display": "17", "missing_lines": 10, "excluded_lines": 0, "percent_statements_covered": 16.666666666666668, "percent_statements_covered_display": "17"}, "missing_lines": [126, 127, 128, 129, 132, 133, 138, 147, 152, 153], "excluded_lines": [], "start_line": 118}, "LocalModelRouter": {"executed_lines": [158, 159, 160, 161, 164, 165, 166, 179, 182, 183, 184], "summary": {"covered_lines": 11, "num_statements": 24, "percent_covered": 45.833333333333336, "percent_covered_display": "46", "missing_lines": 13, "excluded_lines": 0, "percent_statements_covered": 45.833333333333336, "percent_statements_covered_display": "46"}, "missing_lines": [167, 168, 169, 170, 171, 172, 173, 174, 175, 185, 186, 187, 188], "excluded_lines": [], "start_line": 156}, "": {"executed_lines": [1, 3, 4, 5, 7, 9, 10, 13, 23, 34, 40, 41, 43, 44, 47, 48, 52, 53, 55, 58, 80, 81, 83, 87, 93, 118, 119, 121, 125, 131, 156, 157, 163, 177, 178, 181, 191, 192, 196], "summary": {"covered_lines": 39, "num_statements": 48, "percent_covered": 81.25, "percent_covered_display": "81", "missing_lines": 9, "excluded_lines": 0, "percent_statements_covered": 81.25, "percent_statements_covered_display": "81"}, "missing_lines": [24, 25, 26, 31, 35, 36, 37, 193, 194], "excluded_lines": [], "start_line": 1}}}, "src/openalpha_sentinel/permissions.py": {"executed_lines": [1, 3, 4, 5, 7, 8, 11, 12, 13, 14, 16, 17, 19, 20, 21, 23, 24, 25, 27, 28, 29, 31, 32, 33, 34, 35, 37, 38, 39, 40, 41, 44, 45, 46, 47, 49, 50, 51, 52, 53, 54, 58, 59, 61, 62, 63, 65, 66, 67, 68, 69, 70, 71, 72, 79, 84, 86, 87, 88], "summary": {"covered_lines": 59, "num_statements": 65, "percent_covered": 90.76923076923077, "percent_covered_display": "91", "missing_lines": 6, "excluded_lines": 0, "percent_statements_covered": 90.76923076923077, "percent_statements_covered_display": "91"}, "missing_lines": [30, 42, 43, 77, 78, 85], "excluded_lines": [], "functions": {"PermissionGate.__init__": {"executed_lines": [13, 14], "summary": {"covered_lines": 2, "num_statements": 2, "percent_covered": 100.0, "percent_covered_display": "100", "missing_lines": 0, "excluded_lines": 0, "percent_statements_covered": 100.0, "percent_statements_covered_display": "100"}, "missing_lines": [], "excluded_lines": [], "start_line": 12}, "PermissionGate.is_offline": {"executed_lines": [17], "summary": {"covered_lines": 1, "num_statements": 1, "percent_covered": 100.0, "percent_covered_display": "100", "missing_lines": 0, "excluded_lines": 0, "percent_statements_covered": 100.0, "percent_statements_covered_display": "100"}, "missing_lines": [], "excluded_lines": [], "start_line": 16}, "PermissionGate.set_offline": {"executed_lines": [20, 21], "summary": {"covered_lines": 2, "num_statements": 2, "percent_covered": 100.0, "percent_covered_display": "100", "missing_lines": 0, "excluded_lines": 0, "percent_statements_covered": 100.0, "percent_statements_covered_display": "100"}, "missing_lines": [], "excluded_lines": [], "start_line": 19}, "PermissionGate.allowed_domains": {"executed_lines": [24, 25], "summary": {"covered_lines": 2, "num_statements": 2, "percent_covered": 100.0, "percent_covered_display": "100", "missing_lines": 0, "excluded_lines": 0, "percent_statements_covered": 100.0, "percent_statements_covered_display": "100"}, "missing_lines": [], "excluded_lines": [], "start_line": 23}, "PermissionGate.grant_domain": {"executed_lines": [28, 29, 31, 32, 33, 34, 35], "summary": {"covered_lines": 7, "num_statements": 8, "percent_covered": 87.5, "percent_covered_display": "88", "missing_lines": 1, "excluded_lines": 0, "percent_statements_covered": 87.5, "percent_statements_covered_display": "88"}, "missing_lines": [30], "excluded_lines": [], "start_line": 27}, "PermissionGate.check_url": {"executed_lines": [38, 39, 40, 41, 44, 45, 46, 47, 49, 50, 51, 52, 53, 54, 58, 59, 61, 62, 63], "summary": {"covered_lines": 19, "num_statements": 21, "percent_covered": 90.47619047619048, "percent_covered_display": "90", "missing_lines": 2, "excluded_lines": 0, "percent_statements_covered": 90.47619047619048, "percent_statements_covered_display": "90"}, "missing_lines": [42, 43], "excluded_lines": [], "start_line": 37}, "PermissionGate._check_public_destination": {"executed_lines": [67, 68, 69, 70, 71, 72, 79, 84, 86, 87, 88], "summary": {"covered_lines": 11, "num_statements": 14, "percent_covered": 78.57142857142857, "percent_covered_display": "79", "missing_lines": 3, "excluded_lines": 0, "percent_statements_covered": 78.57142857142857, "percent_statements_covered_display": "79"}, "missing_lines": [77, 78, 85], "excluded_lines": [], "start_line": 66}, "": {"executed_lines": [1, 3, 4, 5, 7, 8, 11, 12, 16, 19, 23, 27, 37, 65, 66], "summary": {"covered_lines": 15, "num_statements": 15, "percent_covered": 100.0, "percent_covered_display": "100", "missing_lines": 0, "excluded_lines": 0, "percent_statements_covered": 100.0, "percent_statements_covered_display": "100"}, "missing_lines": [], "excluded_lines": [], "start_line": 1}}, "classes": {"PermissionGate": {"executed_lines": [13, 14, 17, 20, 21, 24, 25, 28, 29, 31, 32, 33, 34, 35, 38, 39, 40, 41, 44, 45, 46, 47, 49, 50, 51, 52, 53, 54, 58, 59, 61, 62, 63, 67, 68, 69, 70, 71, 72, 79, 84, 86, 87, 88], "summary": {"covered_lines": 44, "num_statements": 50, "percent_covered": 88.0, "percent_covered_display": "88", "missing_lines": 6, "excluded_lines": 0, "percent_statements_covered": 88.0, "percent_statements_covered_display": "88"}, "missing_lines": [30, 42, 43, 77, 78, 85], "excluded_lines": [], "start_line": 11}, "": {"executed_lines": [1, 3, 4, 5, 7, 8, 11, 12, 16, 19, 23, 27, 37, 65, 66], "summary": {"covered_lines": 15, "num_statements": 15, "percent_covered": 100.0, "percent_covered_display": "100", "missing_lines": 0, "excluded_lines": 0, "percent_statements_covered": 100.0, "percent_statements_covered_display": "100"}, "missing_lines": [], "excluded_lines": [], "start_line": 1}}}, "src/openalpha_sentinel/pipeline.py": {"executed_lines": [1, 3, 5, 6, 7, 8, 9, 10, 11, 14, 15, 25, 32, 33, 34, 35, 37, 38, 39, 40, 41, 42, 43, 45, 46, 47, 48, 49, 54, 55, 56, 57, 58, 59, 63, 64, 65, 67, 68, 69, 72, 73, 76, 77, 78, 79, 81, 82, 83, 84, 85, 86, 87, 96, 102, 103, 104, 105, 107, 114, 115, 116, 117, 118, 120, 121, 127, 128, 129, 130, 131, 132, 133, 136, 138, 139, 147, 156, 157, 158, 159, 160, 161, 162], "summary": {"covered_lines": 84, "num_statements": 87, "percent_covered": 96.55172413793103, "percent_covered_display": "97", "missing_lines": 3, "excluded_lines": 0, "percent_statements_covered": 96.55172413793103, "percent_statements_covered_display": "97"}, "missing_lines": [60, 134, 135], "excluded_lines": [], "functions": {"IngestionPipeline.__init__": {"executed_lines": [32, 33, 34, 35], "summary": {"covered_lines": 4, "num_statements": 4, "percent_covered": 100.0, "percent_covered_display": "100", "missing_lines": 0, "excluded_lines": 0, "percent_statements_covered": 100.0, "percent_statements_covered_display": "100"}, "missing_lines": [], "excluded_lines": [], "start_line": 25}, "IngestionPipeline.process": {"executed_lines": [38, 39, 40, 41, 42, 43, 45, 46, 47, 48, 49, 54, 55, 56, 57, 58, 59, 63, 64, 65, 67, 68, 69, 72, 73, 76, 77, 78, 79, 81, 82, 83, 84, 85, 86, 87, 96, 102, 103, 104, 105, 107, 114, 115, 116, 117, 118, 120, 121, 127, 128, 129, 130, 131, 132, 133, 136, 138, 139, 147], "summary": {"covered_lines": 60, "num_statements": 63, "percent_covered": 95.23809523809524, "percent_covered_display": "95", "missing_lines": 3, "excluded_lines": 0, "percent_statements_covered": 95.23809523809524, "percent_statements_covered_display": "95"}, "missing_lines": [60, 134, 135], "excluded_lines": [], "start_line": 37}, "IngestionPipeline._cache_raw": {"executed_lines": [157, 158, 159, 160, 161, 162], "summary": {"covered_lines": 6, "num_statements": 6, "percent_covered": 100.0, "percent_covered_display": "100", "missing_lines": 0, "excluded_lines": 0, "percent_statements_covered": 100.0, "percent_statements_covered_display": "100"}, "missing_lines": [], "excluded_lines": [], "start_line": 156}, "": {"executed_lines": [1, 3, 5, 6, 7, 8, 9, 10, 11, 14, 15, 25, 37, 156], "summary": {"covered_lines": 14, "num_statements": 14, "percent_covered": 100.0, "percent_covered_display": "100", "missing_lines": 0, "excluded_lines": 0, "percent_statements_covered": 100.0, "percent_statements_covered_display": "100"}, "missing_lines": [], "excluded_lines": [], "start_line": 1}}, "classes": {"IngestionPipeline": {"executed_lines": [32, 33, 34, 35, 38, 39, 40, 41, 42, 43, 45, 46, 47, 48, 49, 54, 55, 56, 57, 58, 59, 63, 64, 65, 67, 68, 69, 72, 73, 76, 77, 78, 79, 81, 82, 83, 84, 85, 86, 87, 96, 102, 103, 104, 105, 107, 114, 115, 116, 117, 118, 120, 121, 127, 128, 129, 130, 131, 132, 133, 136, 138, 139, 147, 157, 158, 159, 160, 161, 162], "summary": {"covered_lines": 70, "num_statements": 73, "percent_covered": 95.89041095890411, "percent_covered_display": "96", "missing_lines": 3, "excluded_lines": 0, "percent_statements_covered": 95.89041095890411, "percent_statements_covered_display": "96"}, "missing_lines": [60, 134, 135], "excluded_lines": [], "start_line": 14}, "": {"executed_lines": [1, 3, 5, 6, 7, 8, 9, 10, 11, 14, 15, 25, 37, 156], "summary": {"covered_lines": 14, "num_statements": 14, "percent_covered": 100.0, "percent_covered_display": "100", "missing_lines": 0, "excluded_lines": 0, "percent_statements_covered": 100.0, "percent_statements_covered_display": "100"}, "missing_lines": [], "excluded_lines": [], "start_line": 1}}}, "src/openalpha_sentinel/retrieval.py": {"executed_lines": [1, 3, 5, 6, 7, 8, 11, 65, 66, 73, 74, 75, 76, 78, 79, 80, 81, 86, 87, 88, 89, 90, 91, 96, 98, 99, 100, 101, 103, 107, 108, 109, 110, 112, 113, 114, 115, 116, 117, 119, 134, 135], "summary": {"covered_lines": 42, "num_statements": 44, "percent_covered": 95.45454545454545, "percent_covered_display": "95", "missing_lines": 2, "excluded_lines": 0, "percent_statements_covered": 95.45454545454545, "percent_statements_covered_display": "95"}, "missing_lines": [102, 118], "excluded_lines": [], "functions": {"_meaningful_query_tokens": {"executed_lines": [66], "summary": {"covered_lines": 1, "num_statements": 1, "percent_covered": 100.0, "percent_covered_display": "100", "missing_lines": 0, "excluded_lines": 0, "percent_statements_covered": 100.0, "percent_statements_covered_display": "100"}, "missing_lines": [], "excluded_lines": [], "start_line": 65}, "HybridRetriever.__init__": {"executed_lines": [75, 76], "summary": {"covered_lines": 2, "num_statements": 2, "percent_covered": 100.0, "percent_covered_display": "100", "missing_lines": 0, "excluded_lines": 0, "percent_statements_covered": 100.0, "percent_statements_covered_display": "100"}, "missing_lines": [], "excluded_lines": [], "start_line": 74}, "HybridRetriever.search": {"executed_lines": [79, 80, 81, 86, 87, 88, 89, 90, 91, 96, 98, 99, 100, 101, 103, 107, 108, 109, 110, 112, 113, 114, 115, 116, 117, 119, 134, 135], "summary": {"covered_lines": 28, "num_statements": 30, "percent_covered": 93.33333333333333, "percent_covered_display": "93", "missing_lines": 2, "excluded_lines": 0, "percent_statements_covered": 93.33333333333333, "percent_statements_covered_display": "93"}, "missing_lines": [102, 118], "excluded_lines":
[...]
nt_covered": 100.0, "percent_covered_display": "100", "missing_lines": 0, "excluded_lines": 0, "percent_statements_covered": 100.0, "percent_statements_covered_display": "100"}, "missing_lines": [], "excluded_lines": [], "start_line": 736}, "RSSSource.__init__": {"executed_lines": [776, 788, 791, 793], "summary": {"covered_lines": 4, "num_statements": 5, "percent_covered": 80.0, "percent_covered_display": "80", "missing_lines": 1, "excluded_lines": 0, "percent_statements_covered": 80.0, "percent_statements_covered_display": "80"}, "missing_lines": [792], "excluded_lines": [], "start_line": 766}, "RSSSource.fetch": {"executed_lines": [800, 801, 802, 803, 806, 810, 812, 813, 814, 815, 819, 820, 829], "summary": {"covered_lines": 13, "num_statements": 13, "percent_covered": 100.0, "percent_covered_display": "100", "missing_lines": 0, "excluded_lines": 0, "percent_statements_covered": 100.0, "percent_statements_covered_display": "100"}, "missing_lines": [], "excluded_lines": [], "start_line": 795}, "RSSSource._entry_artifact": {"executed_lines": [839, 840, 841, 842, 843, 844, 845, 846, 847, 852, 855, 857, 858, 859, 860, 861, 862, 865, 868, 870, 871, 872, 873, 874, 886, 887, 888, 900], "summary": {"covered_lines": 28, "num_statements": 32, "percent_covered": 87.5, "percent_covered_display": "88", "missing_lines": 4, "excluded_lines": 0, "percent_statements_covered": 87.5, "percent_statements_covered_display": "88"}, "missing_lines": [875, 876, 880, 881], "excluded_lines": [], "start_line": 831}, "_feed_entries": {"executed_lines": [931, 932, 934, 937, 938, 941, 942], "summary": {"covered_lines": 7, "num_statements": 8, "percent_covered": 87.5, "percent_covered_display": "88", "missing_lines": 1, "excluded_lines": 0, "percent_statements_covered": 87.5, "percent_statements_covered_display": "88"}, "missing_lines": [943], "excluded_lines": [], "start_line": 930}, "_local_name": {"executed_lines": [947], "summary": {"covered_lines": 1, "num_statements": 1, "percent_covered": 100.0, "percent_covered_display": "100", "missing_lines": 0, "excluded_lines": 0, "percent_statements_covered": 100.0, "percent_statements_covered_display": "100"}, "missing_lines": [], "excluded_lines": [], "start_line": 946}, "_element_text": {"executed_lines": [951, 952, 953, 954], "summary": {"covered_lines": 4, "num_statements": 4, "percent_covered": 100.0, "percent_covered_display": "100", "missing_lines": 0, "excluded_lines": 0, "percent_statements_covered": 100.0, "percent_statements_covered_display": "100"}, "missing_lines": [], "excluded_lines": [], "start_line": 950}, "_child_text": {"executed_lines": [963, 970], "summary": {"covered_lines": 2, "num_statements": 2, "percent_covered": 100.0, "percent_covered_display": "100", "missing_lines": 0, "excluded_lines": 0, "percent_statements_covered": 100.0, "percent_statements_covered_display": "100"}, "missing_lines": [], "excluded_lines": [], "start_line": 957}, "_atom_link": {"executed_lines": [974, 975, 976, 977], "summary": {"covered_lines": 4, "num_statements": 5, "percent_covered": 80.0, "percent_covered_display": "80", "missing_lines": 1, "excluded_lines": 0, "percent_statements_covered": 80.0, "percent_statements_covered_display": "80"}, "missing_lines": [978], "excluded_lines": [], "start_line": 973}, "_rss_document_text": {"executed_lines": [984, 985, 986, 987, 988, 989], "summary": {"covered_lines": 6, "num_statements": 6, "percent_covered": 100.0, "percent_covered_display": "100", "missing_lines": 0, "excluded_lines": 0, "percent_statements_covered": 100.0, "percent_statements_covered_display": "100"}, "missing_lines": [], "excluded_lines": [], "start_line": 981}, "": {"executed_lines": [3, 5, 6, 7, 8, 9, 10, 11, 12, 13, 14, 15, 16, 18, 19, 21, 24, 25, 26, 32, 36, 61, 62, 63, 64, 67, 71, 74, 89, 93, 128, 137, 142, 156, 166, 171, 179, 187, 198, 225, 228, 241, 247, 283, 372, 373, 375, 398, 402, 405, 408, 487, 535, 546, 556, 572, 575, 577, 603, 627, 736, 761, 764, 766, 795, 831, 930, 946, 950, 957, 973, 981, 992], "summary": {"covered_lines": 73, "num_statements": 73, "percent_covered": 100.0, "percent_covered_display": "100", "missing_lines": 0, "excluded_lines": 0, "percent_statements_covered": 100.0, "percent_statements_covered_display": "100"}, "missing_lines": [], "excluded_lines": [], "start_line": 1}}, "classes": {"SourceError": {"executed_lines": [], "summary": {"covered_lines": 0, "num_statements": 0, "percent_covered": 100.0, "percent_covered_display": "100", "missing_lines": 0, "excluded_lines": 0, "percent_statements_covered": 100.0, "percent_statements_covered_display": "100"}, "missing_lines": [], "excluded_lines": [], "start_line": 67}, "SourceHTTPError": {"executed_lines": [82, 83, 84, 85, 86], "summary": {"covered_lines": 5, "num_statements": 5, "percent_covered": 100.0, "percent_covered_display": "100", "missing_lines": 0, "excluded_lines": 0, "percent_statements_covered": 100.0, "percent_statements_covered_display": "100"}, "missing_lines": [], "excluded_lines": [], "start_line": 71}, "SourceParseError": {"executed_lines": [], "summary": {"covered_lines": 0, "num_statements": 0, "percent_covered": 100.0, "percent_covered_display": "100", "missing_lines": 0, "excluded_lines": 0, "percent_statements_covered": 100.0, "percent_statements_covered_display": "100"}, "missing_lines": [], "excluded_lines": [], "start_line": 89}, "SnapshotSource": {"executed_lines": [234, 235, 236, 244, 245, 255, 256, 258, 261, 262, 263, 267, 278, 284, 286, 288, 293, 294, 298, 299, 301, 302, 303, 304, 310, 312, 313, 320, 321, 323, 325, 326, 329, 332, 333, 334, 335, 336, 337, 343, 349], "summary": {"covered_lines": 41, "num_statements": 56, "percent_covered": 73.21428571428571, "percent_covered_display": "73", "missing_lines": 15, "excluded_lines": 0, "percent_statements_covered": 73.21428571428571, "percent_statements_covered_display": "73"}, "missing_lines": [257, 259, 285, 287, 289, 295, 296, 305, 306, 314, 315, 316, 317, 327, 328], "excluded_lines": [], "start_line": 225}, "_HTTPSource": {"executed_lines": [384, 386, 388, 389, 393, 394, 395, 396, 416, 417, 418, 420, 421, 422, 423, 424, 429, 432, 433, 434, 435, 443, 444, 445, 446, 447, 453, 462, 463, 464, 466, 468, 469, 470, 471, 472, 479, 485, 494, 495, 502, 509, 510, 515, 518, 519, 520, 521, 522, 527], "summary": {"covered_lines": 50, "num_statements": 61, "percent_covered": 81.9672131147541, "percent_covered_display": "82", "missing_lines": 11, "excluded_lines": 0, "percent_statements_covered": 81.9672131147541, "percent_statements_covered_display": "82"}, "missing_lines": [385, 387, 399, 400, 403, 406, 430, 436, 477, 478, 523], "excluded_lines": [], "start_line": 372}, "GitHubSource": {"executed_lines": [587, 588, 593, 594, 595, 601, 606, 607, 609, 610, 614, 615, 616, 617, 620, 621, 622, 624, 625, 628, 629, 630, 631, 633, 636, 639, 640, 643, 644, 646, 648, 653, 659, 660, 661, 662, 664, 667, 677, 678, 679, 681, 684, 685, 686, 687, 688, 689, 699, 700, 701, 702, 703, 704, 705, 706, 707, 709, 745, 746, 747, 750], "summary": {"covered_lines": 62, "num_statements": 68, "percent_covered": 91.17647058823529, "percent_covered_display": "91", "missing_lines": 6, "excluded_lines": 0, "percent_statements_covered": 91.17647058823529, "percent_statements_covered_display": "91"}, "missing_lines": [608, 618, 623, 632, 634, 645], "excluded_lines": [], "start_line": 572}, "RSSSource": {"executed_lines": [776, 788, 791, 793, 800, 801, 802, 803, 806, 810, 812, 813, 814, 815, 819, 820, 829, 839, 840, 841, 842, 843, 844, 845, 846, 847, 852, 855, 857, 858, 859, 860, 861, 862, 865, 868, 870, 871, 872, 873, 874, 886, 887, 888, 900], "summary": {"covered_lines": 45, "num_statements": 50, "percent_covered": 90.0, "percent_covered_display": "90", "missing_lines": 5, "excluded_lines": 0, "percent_statements_covered": 90.0, "percent_statements_covered_display": "90"}, "missing_lines": [792, 875, 876, 880, 881], "excluded_lines": [], "start_line": 761}, "": {"executed_lines": [3, 5, 6, 7, 8, 9, 10, 11, 12, 13, 14, 15, 16, 18, 19, 21, 24, 25, 26, 32, 36, 61, 62, 63, 64, 67, 71, 74, 89, 93, 96, 97, 100, 101, 102, 105, 106, 107, 112, 113, 114, 116, 117, 118, 119, 120, 121, 123, 128, 129, 130, 131, 132, 133, 134, 137, 138, 139, 142, 143, 144, 145, 147, 148, 149, 150, 151, 152, 156, 157, 159, 161, 162, 163, 166, 167, 168, 171, 172, 173, 179, 180, 181, 182, 183, 184, 187, 188, 190, 191, 192, 193, 194, 195, 198, 199, 200, 201, 202, 204, 208, 211, 212, 213, 214, 215, 216, 218, 219, 220, 221, 222, 225, 228, 241, 247, 283, 372, 373, 375, 398, 402, 405, 408, 487, 535, 536, 537, 540, 541, 546, 547, 548, 551, 553, 556, 557, 558, 560, 561, 562, 563, 564, 572, 575, 577, 603, 627, 736, 761, 764, 766, 795, 831, 930, 931, 932, 934, 937, 938, 941, 942, 946, 947, 950, 951, 952, 953, 954, 957, 963, 970, 973, 974, 975, 976, 977, 981, 984, 985, 986, 987, 988, 989, 992], "summary": {"covered_lines": 185, "num_statements": 210, "percent_covered": 88.0952380952381, "percent_covered_display": "88", "missing_lines": 25, "excluded_lines": 0, "percent_statements_covered": 88.0952380952381, "percent_statements_covered_display": "88"}, "missing_lines": [98, 103, 110, 146, 153, 158, 160, 189, 209, 217, 538, 539, 542, 543, 549, 550, 552, 559, 565, 566, 567, 568, 569, 943, 978], "excluded_lines": [], "start_line": 1}}}, "src/openalpha_sentinel/tools.py": {"executed_lines": [1, 3, 4, 5, 7, 8, 11, 12, 13, 14, 15, 18, 19, 20, 21, 22, 45, 46, 48, 49, 51], "summary": {"covered_lines": 21, "num_statements": 23, "percent_covered": 91.30434782608695, "percent_covered_display": "91", "missing_lines": 2, "excluded_lines": 0, "percent_statements_covered": 91.30434782608695, "percent_statements_covered_display": "91"}, "missing_lines": [47, 52], "excluded_lines": [], "functions": {"ToolRegistry.__init__": {"executed_lines": [20, 21, 22], "summary": {"covered_lines": 3, "num_statements": 3, "percent_covered": 100.0, "percent_covered_display": "100", "missing_lines": 0, "excluded_lines": 0, "percent_statements_covered": 100.0, "percent_statements_covered_display": "100"}, "missing_lines": [], "excluded_lines": [], "start_line": 19}, "ToolRegistry.call": {"executed_lines": [46, 48, 49], "summary": {"covered_lines": 3, "num_statements": 4, "percent_covered": 75.0, "percent_covered_display": "75", "missing_lines": 1, "excluded_lines": 0, "percent_statements_covered": 75.0, "percent_statements_covered_display": "75"}, "missing_lines": [47], "excluded_lines": [], "start_line": 45}, "ToolRegistry.descriptions": {"executed_lines": [], "summary": {"covered_lines": 0, "num_statements": 1, "percent_covered": 0.0, "percent_covered_display": "0", "missing_lines": 1, "excluded_lines": 0, "percent_statements_covered": 0.0, "percent_statements_covered_display": "0"}, "missing_lines": [52], "excluded_lines": [], "start_line": 51}, "": {"executed_lines": [1, 3, 4, 5, 7, 8, 11, 12, 13, 14, 15, 18, 19, 45, 51], "summary": {"covered_lines": 15, "num_statements": 15, "percent_covered": 100.0, "percent_covered_display": "100", "missing_lines": 0, "excluded_lines": 0, "percent_statements_covered": 100.0, "percent_statements_covered_display": "100"}, "missing_lines": [], "excluded_lines": [], "start_line": 1}}, "classes": {"ToolDefinition": {"executed_lines": [], "summary": {"covered_lines": 0, "num_statements": 0, "percent_covered": 100.0, "percent_covered_display": "100", "missing_lines": 0, "excluded_lines": 0, "percent_statements_covered": 100.0, "percent_statements_covered_display": "100"}, "missing_lines": [], "excluded_lines": [], "start_line": 12}, "ToolRegistry": {"executed_lines": [20, 21, 22, 46, 48, 49], "summary": {"covered_lines": 6, "num_statements": 8, "percent_covered": 75.0, "percent_covered_display": "75", "missing_lines": 2, "excluded_lines": 0, "percent_statements_covered": 75.0, "percent_statements_covered_display": "75"}, "missing_lines": [47, 52], "excluded_lines": [], "start_line": 18}, "": {"executed_lines": [1, 3, 4, 5, 7, 8, 11, 12, 13, 14, 15, 18, 19, 45, 51], "summary": {"covered_lines": 15, "num_statements": 15, "percent_covered": 100.0, "percent_covered_display": "100", "missing_lines": 0, "excluded_lines": 0, "percent_statements_covered": 100.0, "percent_statements_covered_display": "100"}, "missing_lines": [], "excluded_lines": [], "start_line": 1}}}, "src/openalpha_sentinel/utils.py": {"executed_lines": [1, 3, 4, 5, 6, 7, 8, 9, 12, 15, 16, 19, 20, 21, 22, 25, 26, 29, 30, 33, 52, 53, 54, 55, 58, 59, 60, 61, 62, 63, 64, 65, 66, 67, 68, 71], "summary": {"covered_lines": 36, "num_statements": 51, "percent_covered": 70.58823529411765, "percent_covered_display": "71", "missing_lines": 15, "excluded_lines": 0, "percent_statements_covered": 70.58823529411765, "percent_statements_covered_display": "71"}, "missing_lines": [34, 35, 36, 37, 38, 39, 40, 41, 42, 49, 72, 73, 74, 75, 76], "excluded_lines": [], "functions": {"utcnow": {"executed_lines": [16], "summary": {"covered_lines": 1, "num_statements": 1, "percent_covered": 100.0, "percent_covered_display": "100", "missing_lines": 0, "excluded_lines": 0, "percent_statements_covered": 100.0, "percent_statements_covered_display": "100"}, "missing_lines": [], "excluded_lines": [], "start_line": 15}, "new_id": {"executed_lines": [20, 21, 22], "summary": {"covered_lines": 3, "num_statements": 3, "percent_covered": 100.0, "percent_covered_display": "100", "missing_lines": 0, "excluded_lines": 0, "percent_statements_covered": 100.0, "percent_statements_covered_display": "100"}, "missing_lines": [], "excluded_lines": [], "start_line": 19}, "sha256_text": {"executed_lines": [26], "summary": {"covered_lines": 1, "num_statements": 1, "percent_covered": 100.0, "percent_covered_display": "100", "missing_lines": 0, "excluded_lines": 0, "percent_statements_covered": 100.0, "percent_statements_covered_display": "100"}, "missing_lines": [], "excluded_lines": [], "start_line": 25}, "stable_json": {"executed_lines": [30], "summary": {"covered_lines": 1, "num_statements": 1, "percent_covered": 100.0, "percent_covered_display": "100", "missing_lines": 0, "excluded_lines": 0, "percent_statements_covered": 100.0, "percent_statements_covered_display": "100"}, "missing_lines": [], "excluded_lines": [], "start_line": 29}, "canonicalize_url": {"executed_lines": [], "summary": {"covered_lines": 0, "num_statements": 10, "percent_covered": 0.0, "percent_covered_display": "0", "missing_lines": 10, "excluded_lines": 0, "percent_statements_covered": 0.0, "percent_statements_covered_display": "0"}, "missing_lines": [34, 35, 36, 37, 38, 39, 40, 41, 42, 49], "excluded_lines": [], "start_line": 33}, "normalize_text": {"executed_lines": [53, 54, 55], "summary": {"covered_lines": 3, "num_statements": 3, "percent_covered": 100.0, "percent_covered_display": "100", "missing_lines": 0, "excluded_lines": 0, "percent_statements_covered": 100.0, "percent_statements_covered_display": "100"}, "missing_lines": [], "excluded_lines": [], "start_line": 52}, "tokenize": {"executed_lines": [59, 60, 61, 62, 63, 64, 65, 66, 67, 68], "summary": {"covered_lines": 10, "num_statements": 10, "percent_covered": 100.0, "percent_covered_display": "100", "missing_lines": 0, "excluded_lines": 0, "percent_statements_covered": 100.0, "percent_statements_covered_display": "100"}, "missing_lines": [], "excluded_lines": [], "start_line": 58}, "first_nonempty_line": {"executed_lines": [], "summary": {"covered_lines": 0, "num_statements": 5, "percent_covered": 0.0, "percent_covered_display": "0", "missing_lines": 5, "excluded_lines": 0, "percent_statements_covered": 0.0, "percent_statements_covered_display": "0"}, "missing_lines": [72, 73, 74, 75, 76], "excluded_lines": [], "start_line": 71}, "": {"executed_lines": [1, 3, 4, 5, 6, 7, 8, 9, 12, 15, 19, 25, 29, 33, 52, 58, 71], "summary": {"covered_lines": 17, "num_statements": 17, "percent_covered": 100.0, "percent_covered_display": "100", "missing_lines": 0, "excluded_lines": 0, "percent_statements_covered": 100.0, "percent_statements_covered_display": "100"}, "missing_lines": [], "excluded_lines": [], "start_line": 1}}, "classes": {"": {"executed_lines": [1, 3, 4, 5, 6, 7, 8, 9, 12, 15, 16, 19, 20, 21, 22, 25, 26, 29, 30, 33, 52, 53, 54, 55, 58, 59, 60, 61, 62, 63, 64, 65, 66, 67, 68, 71], "summary": {"covered_lines": 36, "num_statements": 51, "percent_covered": 70.58823529411765, "percent_covered_display": "71", "missing_lines": 15, "excluded_lines": 0, "percent_statements_covered": 70.58823529411765, "percent_statements_covered_display": "71"}, "missing_lines": [34, 35, 36, 37, 38, 39, 40, 41, 42, 49, 72, 73, 74, 75, 76], "excluded_lines": [], "start_line": 1}}}, "src/openalpha_sentinel/worker.py": {"executed_lines": [1, 3, 4, 6, 9, 10, 11, 12, 14, 21, 22, 23, 24, 25, 26, 33, 36, 40], "summary": {"covered_lines": 18, "num_statements": 29, "percent_covered": 62.06896551724138, "percent_covered_display": "62", "missing_lines": 11, "excluded_lines": 0, "percent_statements_covered": 62.06896551724138, "percent_statements_covered_display": "62"}, "missing_lines": [15, 16, 17, 18, 19, 27, 28, 31, 32, 37, 41], "excluded_lines": [], "functions": {"CollectorWorker.__init__": {"executed_lines": [11, 12], "summary": {"covered_lines": 2, "num_statements": 2, "percent_covered": 100.0, "percent_covered_display": "100", "missing_lines": 0, "excluded_lines": 0, "percent_statements_covered": 100.0, "percent_statements_covered_display": "100"}, "missing_lines": [], "excluded_lines": [], "start_line": 10}, "CollectorWorker.run_forever": {"executed_lines": [], "summary": {"covered_lines": 0, "num_statements": 5, "percent_covered": 0.0, "percent_covered_display": "0", "missing_lines": 5, "excluded_lines": 0, "percent_statements_covered": 0.0, "percent_statements_covered_display": "0"}, "missing_lines": [15, 16, 17, 18, 19], "excluded_lines": [], "start_line": 14}, "CollectorWorker.run_once": {"executed_lines": [22, 23, 24, 25, 26, 33], "summary": {"covered_lines": 6, "num_statements": 10, "percent_covered": 60.0, "percent_covered_display": "60", "missing_lines": 4, "excluded_lines": 0, "percent_statements_covered": 60.0, "percent_statements_covered_display": "60"}, "missing_lines": [27, 28, 31, 32], "excluded_lines": [], "start_line": 21}, "main": {"executed_lines": [], "summary": {"covered_lines": 0, "num_statements": 1, "percent_covered": 0.0, "percent_covered_display": "0", "missing_lines": 1, "excluded_lines": 0, "percent_statements_covered": 0.0, "percent_statements_covered_display": "0"}, "missing_lines": [37], "excluded_lines": [], "start_line": 36}, "": {"executed_lines": [1, 3, 4, 6, 9, 10, 14, 21, 36, 40], "summary": {"covered_lines": 10, "num_statements": 11, "percent_covered": 90.9090909090909, "percent_covered_display": "91", "missing_lines": 1, "excluded_lines": 0, "percent_statements_covered": 90.9090909090909, "percent_statements_covered_display": "91"}, "missing_lines": [41], "excluded_lines": [], "start_line": 1}}, "classes": {"CollectorWorker": {"executed_lines": [11, 12, 22, 23, 24, 25, 26, 33], "summary": {"covered_lines": 8, "num_statements": 17, "percent_covered": 47.05882352941177, "percent_covered_display": "47", "missing_lines": 9, "excluded_lines": 0, "percent_statements_covered": 47.05882352941177, "percent_statements_covered_display": "47"}, "missing_lines": [15, 16, 17, 18, 19, 27, 28, 31, 32], "excluded_lines": [], "start_line": 9}, "": {"executed_lines": [1, 3, 4, 6, 9, 10, 14, 21, 36, 40], "summary": {"covered_lines": 10, "num_statements": 12, "percent_covered": 83.33333333333333, "percent_covered_display": "83", "missing_lines": 2, "excluded_lines": 0, "percent_statements_covered": 83.33333333333333, "percent_statements_covered_display": "83"}, "missing_lines": [37, 41], "excluded_lines": [], "start_line": 1}}}}, "totals": {"covered_lines": 1514, "num_statements": 1867, "percent_covered": 81.09266202463846, "percent_covered_display": "81", "missing_lines": 353, "excluded_lines": 0, "percent_statements_covered": 81.09266202463846, "percent_statements_covered_display": "81"}}