<?xml version='1.0' encoding='utf-8'?>
<testsuites name="pytest tests"><testsuite name="pytest" errors="0" failures="0" skipped="0" tests="56" time="1.267" timestamp="2026-07-17T23:46:25.824795+08:00" hostname="local-validation"><testcase classname="tests.test_api" name="test_health_is_local_and_reports_configured_backend" time="0.056" /><testcase classname="tests.test_api" name="test_demo_seed_is_idempotent_and_powers_cards_dashboard_and_chat" time="0.098" /><testcase classname="tests.test_api" name="test_web_card_detail_fetches_evidence_from_detail_endpoint" time="0.056" /><testcase classname="tests.test_api" name="test_watch_rule_create_list_run_and_validation_are_offline" time="0.069" /><testcase classname="tests.test_api" name="test_permission_endpoints_persist_domains_and_block_network_when_offline" time="0.029" /><testcase classname="tests.test_api" name="test_memory_endpoints_show_and_delete_preferences_and_sessions" time="0.036" /><testcase classname="tests.test_core" name="test_unseeded_ids_are_unique_under_burst_creation" time="0.001" /><testcase classname="tests.test_core" name="test_database_initialization_is_repeatable_and_creates_fts5" time="0.005" /><testcase classname="tests.test_core" name="test_chunk_document_applies_source_line_offset" time="0.000" /><testcase classname="tests.test_core" name="test_same_artifact_is_idempotent_across_pipeline_runs" time="0.021" /><testcase classname="tests.test_core" name="test_idempotency_survives_service_restart" time="0.021" /><testcase classname="tests.test_core" name="test_new_revision_preserves_prior_card" time="0.026" /><testcase classname="tests.test_core" name="test_partial_source_failure_preserves_successful_results" time="0.016" /><testcase classname="tests.test_core" name="test_extractor_keeps_missing_cost_information_unknown" time="0.001" /><testcase classname="tests.test_core" name="test_extractor_preserves_explicit_cost_omission" time="0.001" /><testcase classname="tests.test_core" name="test_extractor_rejects_sources_without_usable_text[]" time="0.000" /><testcase classname="tests.test_core" name="test_extractor_rejects_sources_without_usable_text[ \n\t ]" time="0.000" /><testcase classname="tests.test_core" name="test_extractor_rejects_sources_without_usable_text[#\n---\n&gt; *]" time="0.000" /><testcase classname="tests.test_core" name="test_extractor_does_not_match_keywords_inside_other_terms" time="0.001" /><testcase classname="tests.test_core" name="test_late_pipeline_failure_removes_partial_revision_and_can_retry" time="0.025" /><testcase classname="tests.test_core" name="test_strategy_card_fields_and_field_level_evidence" time="0.016" /><testcase classname="tests.test_core" name="test_github_evidence_uses_document_blob_not_repository_tree" time="0.017" /><testcase classname="tests.test_core" name="test_snapshot_evidence_anchors_to_original_fixture_lines" time="0.020" /><testcase classname="tests.test_core" name="test_hybrid_retrieval_combines_lexical_and_vector_scores" time="0.025" /><testcase classname="tests.test_core" name="test_hash_retrieval_rejects_unrelated_vector_collisions[What is EBITDA?]" time="0.044" /><testcase classname="tests.test_core" name="test_hash_retrieval_rejects_unrelated_vector_collisions[Explain photosynthesis in algae.]" time="0.045" /><testcase classname="tests.test_core" name="test_agent_lists_cards_with_local_citations" time="0.030" /><testcase classname="tests.test_core" name="test_agent_reports_insufficient_material_and_persists_memory" time="0.015" /><testcase classname="tests.test_core" name="test_permission_gate_enforces_offline_mode_and_domain_grants" time="0.016" /><testcase classname="tests.test_core" name="test_permission_gate_rejects_unsafe_source_urls[file-scheme]" time="0.008" /><testcase classname="tests.test_core" name="test_permission_gate_rejects_unsafe_source_urls[embedded-credentials]" time="0.006" /><testcase classname="tests.test_core" name="test_permission_gate_rejects_unsafe_source_urls[invalid-port]" time="0.006" /><testcase classname="tests.test_core" name="test_permission_gate_rejects_unsafe_source_urls[loopback]" time="0.006" /><testcase classname="tests.test_core" name="test_permission_gate_rejects_unsafe_source_urls[cloud-metadata]" time="0.007" /><testcase classname="tests.test_core" name="test_permission_gate_rejects_unsafe_source_urls[ipv6-loopback]" time="0.007" /><testcase classname="tests.test_core" name="test_permission_gate_rejects_domains_resolving_to_private_addresses" time="0.007" /><testcase classname="tests.test_core" name="test_settings_offline_default_is_honored_until_locally_overridden" time="0.008" /><testcase classname="tests.test_core" name="test_watch_rules_become_due_and_update_schedule_and_cursor" time="0.011" /><testcase classname="tests.test_core" name="test_worker_run_once_executes_a_due_rule" time="0.010" /><testcase classname="tests.test_sources" name="test_canonicalize_url_removes_tracking_fragment_and_default_port" time="0.000" /><testcase classname="tests.test_sources" name="test_canonicalize_url_preserves_resource_query_parameters" time="0.000" /><testcase classname="tests.test_sources" name="test_snapshot_file_supports_yaml_front_matter" time="0.002" /><testcase classname="tests.test_sources" name="test_snapshot_commit_pinned_github_blob_is_already_immutable" time="0.001" /><testcase classname="tests.test_sources" name="test_snapshot_directory_is_sorted_filtered_and_limited" time="0.001" /><testcase classname="tests.test_sources" name="test_snapshot_reports_invalid_front_matter" time="0.002" /><testcase classname="tests.test_sources" name="test_github_search_fetches_commit_pinned_readme_and_license" time="0.001" /><testcase classname="tests.test_sources" name="test_github_missing_readme_and_license_are_recorded" time="0.001" /><testcase classname="tests.test_sources" name="test_github_http_error_contains_status_url_and_message" time="0.000" /><testcase classname="tests.test_sources" name="test_github_rejects_unbounded_limit_without_http_request" time="0.000" /><testcase classname="tests.test_sources" name="test_rss_fetch_uses_embedded_content_and_never_follows_entry_link" time="0.001" /><testcase classname="tests.test_sources" name="test_atom_feed_is_supported_without_article_fetch" time="0.000" /><testcase classname="tests.test_sources" name="test_rss_reports_malformed_xml" time="0.001" /><testcase classname="tests.test_sources" name="test_rss_checks_each_redirect_before_following_it" time="0.001" /><testcase classname="tests.test_sources" name="test_rss_rejects_https_downgrade_redirect" time="0.000" /><testcase classname="tests.test_sources" name="test_rss_stops_at_feed_size_limit[False]" time="0.001" /><testcase classname="tests.test_sources" name="test_rss_stops_at_feed_size_limit[True]" time="0.001" /></testsuite></testsuites>