============================= test session starts ==============================
platform linux -- Python 3.12.3, pytest-9.1.1, pluggy-1.6.0 -- /workspace/nuclidepath-venv/bin/python
cachedir: .pytest_cache
rootdir: /workspace/NuclidePath
configfile: pyproject.toml
collecting ... collected 44 items

tests/test_agents.py::test_orchestrator_delegates_environment_calculation_and_returns_trace PASSED [  2%]
tests/test_agents.py::test_orchestrator_rejects_planner_steps_that_are_not_allowed PASSED [  4%]
tests/test_analysis.py::test_parameter_range_requires_provenance_and_valid_bounds PASSED [  6%]
tests/test_analysis.py::test_sensitivity_preserves_provenance_and_expected_monotonicity PASSED [  9%]
tests/test_analysis.py::test_uncertainty_is_seeded_reproducible_and_has_ordered_quantiles PASSED [ 11%]
tests/test_analytical_validation.py::test_retardation_and_travel_time_match_independent_closed_form PASSED [ 13%]
tests/test_analytical_validation.py::test_nonreactive_solution_matches_independent_ogata_banks_oracle PASSED [ 15%]
tests/test_analytical_validation.py::test_constant_source_boundary_is_exact_even_with_decay PASSED [ 18%]
tests/test_analytical_validation.py::test_reactive_solution_approaches_independent_steady_state_limit PASSED [ 20%]
tests/test_analytical_validation.py::test_physical_parameters_reject_non_finite_values PASSED [ 22%]
tests/test_contracts.py::test_scenario_parses_defaults_and_is_json_serializable PASSED [ 25%]
tests/test_contracts.py::test_scenario_rejects_unknown_fields PASSED     [ 27%]
tests/test_contracts.py::test_scenario_rejects_invalid_physical_values PASSED [ 29%]
tests/test_contracts.py::test_transport_contract_returns_versioned_points_and_provenance PASSED [ 31%]
tests/test_knowledge.py::test_local_knowledge_retrieval_returns_ranked_citations PASSED [ 34%]
tests/test_knowledge.py::test_local_knowledge_retrieval_is_deterministic_and_returns_no_false_hit PASSED [ 36%]
tests/test_llm.py::test_local_planner_requests_only_safe_plan_steps PASSED [ 38%]
tests/test_llm.py::test_local_planner_rejects_non_json_or_non_list_output PASSED [ 40%]
tests/test_llm.py::test_openai_compatible_client_extracts_chat_content PASSED [ 43%]
tests/test_llm.py::test_openai_compatible_client_rejects_nonlocal_or_userinfo_urls PASSED [ 45%]
tests/test_llm.py::test_openai_compatible_client_does_not_follow_redirects_with_credentials PASSED [ 47%]
tests/test_pipeline.py::test_full_pipeline_creates_reproducible_submission_artifacts PASSED [ 50%]
tests/test_pipeline.py::test_cli_runs_full_private_agent_pipeline PASSED [ 52%]
tests/test_pipeline.py::test_offline_and_llm_planned_pipelines_are_physically_identical PASSED [ 54%]
tests/test_pipeline.py::test_pipeline_rejects_unclassified_planner_provenance PASSED [ 56%]
tests/test_reporting.py::test_generate_demo_artifacts_writes_json_markdown_and_svg PASSED [ 59%]
tests/test_reporting.py::test_generate_demo_artifacts_rejects_empty_potassium_comparison PASSED [ 61%]
tests/test_security_memory.py::test_permission_policy_allows_analysis_and_denies_control_or_network PASSED [ 63%]
tests/test_security_memory.py::test_permission_policy_redacts_sensitive_fields_recursively PASSED [ 65%]
tests/test_security_memory.py::test_local_memory_is_persistent_session_scoped_and_redacted PASSED [ 68%]
tests/test_site.py::test_site_agent_marks_missing_characterization_as_screening_limitations PASSED [ 70%]
tests/test_site.py::test_site_context_accepts_characterization_and_validates_ranges PASSED [ 72%]
tests/test_site.py::test_site_agent_rejects_unsupported_radionuclide_or_pathway PASSED [ 75%]
tests/test_transport.py::test_potassium_competition_reduces_effective_kd_and_retardation PASSED [ 77%]
tests/test_transport.py::test_zero_distance_zero_time_preserves_source_concentration PASSED [ 79%]
tests/test_transport.py::test_prearrival_concentration_is_nonnegative_and_below_later_breakthrough PASSED [ 81%]
tests/test_transport.py::test_constant_source_breakthrough_is_monotone_and_bounded PASSED [ 84%]
tests/test_web.py::test_dashboard_http_api_runs_full_pipeline PASSED     [ 86%]
tests/test_web.py::test_dashboard_rejects_public_bind_without_explicit_opt_in PASSED [ 88%]
tests/test_web.py::test_create_server_enforces_loopback_for_programmatic_call PASSED [ 90%]
tests/test_web.py::test_dashboard_rejects_unsafe_session_id PASSED       [ 93%]
tests/test_web.py::test_dashboard_javascript_uses_current_report_contract PASSED [ 95%]
tests/test_workflow.py::test_emergency_workflow_exercises_all_five_track2_capabilities PASSED [ 97%]
tests/test_workflow.py::test_local_workflow_planner_uses_only_json_plan_from_private_client PASSED [100%]

============================== 44 passed in 2.20s ==============================
